Started GET "/" for ::1 at 2020-10-08 16:36:51 -0700
DEPRECATION WARNING: ActiveRecord::Base.raise_in_transactional_callbacks= is deprecated, has no effect and will be removed without replacement. (called from block (3 levels) in <class:Railtie> at /Users/carlosgarciajr/.rbenv/versions/2.5.1/lib/ruby/gems/2.5.0/gems/activerecord-5.0.7.2/lib/active_record/railtie.rb:113)
Processing by StaticPagesController#index as HTML
  Rendering static_pages/index.html.erb within layouts/application
  Rendered shared/_main_nav.html.erb (0.3ms)
  Rendered shared/_masthead.html.erb (0.2ms)
  Rendered shared/_sections_nav.html.erb (0.2ms)
  Rendered shared/_search_modal.html.erb (0.2ms)
  Rendered shared/_main_content.html.erb (0.2ms)
  Rendered static_pages/index.html.erb within layouts/application (15.2ms)
Completed 200 OK in 362ms (Views: 358.9ms | ActiveRecord: 0.0ms)


Started GET "/assets/application.self-5e5b219656abf8c4e83f7dfd5e5f4f415d8fe2348d16620303a4ed96d1b5a144.css?body=1" for ::1 at 2020-10-08 16:36:52 -0700
Started GET "/" for ::1 at 2020-10-08 16:36:53 -0700
Processing by StaticPagesController#index as HTML
  Rendering static_pages/index.html.erb within layouts/application
  Rendered shared/_main_nav.html.erb (0.2ms)
  Rendered shared/_masthead.html.erb (0.2ms)
  Rendered shared/_sections_nav.html.erb (0.2ms)
  Rendered shared/_search_modal.html.erb (0.2ms)
  Rendered shared/_main_content.html.erb (0.1ms)
  Rendered static_pages/index.html.erb within layouts/application (13.2ms)
Completed 200 OK in 29ms (Views: 26.9ms | ActiveRecord: 0.0ms)


Started GET "/" for ::1 at 2020-10-08 16:37:17 -0700
Processing by StaticPagesController#index as HTML
  Rendering static_pages/index.html.erb within layouts/application
  Rendered shared/_main_nav.html.erb (0.2ms)
  Rendered shared/_masthead.html.erb (0.2ms)
  Rendered shared/_sections_nav.html.erb (0.2ms)
  Rendered shared/_search_modal.html.erb (0.2ms)
  Rendered shared/_main_content.html.erb (0.2ms)
  Rendered static_pages/index.html.erb within layouts/application (14.6ms)
Completed 200 OK in 35ms (Views: 31.8ms | ActiveRecord: 0.0ms)


Started GET "/" for ::1 at 2020-10-08 16:37:20 -0700
Processing by StaticPagesController#index as HTML
  Rendering static_pages/index.html.erb within layouts/application
  Rendered shared/_main_nav.html.erb (0.2ms)
  Rendered shared/_masthead.html.erb (0.2ms)
  Rendered shared/_sections_nav.html.erb (0.2ms)
  Rendered shared/_search_modal.html.erb (0.2ms)
  Rendered shared/_main_content.html.erb (0.2ms)
  Rendered static_pages/index.html.erb within layouts/application (12.8ms)
Completed 200 OK in 30ms (Views: 27.7ms | ActiveRecord: 0.0ms)


Started GET "/" for ::1 at 2020-10-09 09:59:50 -0700
DEPRECATION WARNING: ActiveRecord::Base.raise_in_transactional_callbacks= is deprecated, has no effect and will be removed without replacement. (called from block (3 levels) in <class:Railtie> at /Users/carlosgarciajr/.rbenv/versions/2.5.1/lib/ruby/gems/2.5.0/gems/activerecord-5.0.7.2/lib/active_record/railtie.rb:113)
Processing by StaticPagesController#index as HTML
  Rendering static_pages/index.html.erb within layouts/application
  Rendered shared/_main_nav.html.erb (0.3ms)
  Rendered shared/_masthead.html.erb (0.2ms)
  Rendered shared/_sections_nav.html.erb (0.2ms)
  Rendered shared/_search_modal.html.erb (0.2ms)
  Rendered shared/_main_content.html.erb (0.2ms)
  Rendered static_pages/index.html.erb within layouts/application (15.4ms)
Completed 200 OK in 353ms (Views: 350.1ms | ActiveRecord: 0.0ms)


Started GET "/assets/application.self-7aae4f884d21c0f895d0e25909b4a3857ca3f7bdd4412baf28bf32a8b1f558b1.css?body=1" for ::1 at 2020-10-09 09:59:51 -0700
Started GET "/" for ::1 at 2020-10-09 10:00:16 -0700
Processing by StaticPagesController#index as HTML
  Rendering static_pages/index.html.erb within layouts/application
  Rendered shared/_main_nav.html.erb (0.2ms)
  Rendered shared/_masthead.html.erb (0.2ms)
  Rendered shared/_sections_nav.html.erb (0.1ms)
  Rendered shared/_search_modal.html.erb (0.2ms)
  Rendered shared/_main_content.html.erb (0.4ms)
  Rendered static_pages/index.html.erb within layouts/application (12.9ms)
Completed 200 OK in 34ms (Views: 30.5ms | ActiveRecord: 0.0ms)


Started GET "/assets/new_office.jpg" for ::1 at 2020-10-09 10:00:16 -0700
Started GET "/" for ::1 at 2020-10-09 10:03:51 -0700
Processing by StaticPagesController#index as HTML
  Rendering static_pages/index.html.erb within layouts/application
  Rendered shared/_main_nav.html.erb (0.2ms)
  Rendered shared/_masthead.html.erb (0.2ms)
  Rendered shared/_sections_nav.html.erb (0.3ms)
  Rendered shared/_search_modal.html.erb (0.2ms)
  Rendered shared/_main_content.html.erb (0.3ms)
  Rendered static_pages/index.html.erb within layouts/application (13.1ms)
Completed 200 OK in 109ms (Views: 104.9ms | ActiveRecord: 0.0ms)


Started GET "/assets/application.self-e229079662ba64eec2df88cc9898f07a6b5005419aa37c928d3d684a6d58d3e4.css?body=1" for ::1 at 2020-10-09 10:03:51 -0700
Started GET "/assets/new_office.jpg" for ::1 at 2020-10-09 10:03:51 -0700
Started GET "/" for ::1 at 2020-10-12 13:48:14 -0700
DEPRECATION WARNING: ActiveRecord::Base.raise_in_transactional_callbacks= is deprecated, has no effect and will be removed without replacement. (called from block (3 levels) in <class:Railtie> at /Users/carlosgarciajr/.rbenv/versions/2.5.1/lib/ruby/gems/2.5.0/gems/activerecord-5.0.7.2/lib/active_record/railtie.rb:113)
Processing by StaticPagesController#index as HTML
  Rendering static_pages/index.html.erb within layouts/application
  Rendered shared/_main_nav.html.erb (0.2ms)
  Rendered shared/_masthead.html.erb (0.1ms)
  Rendered shared/_sections_nav.html.erb (0.1ms)
  Rendered shared/_search_modal.html.erb (0.2ms)
  Rendered shared/_main_content.html.erb (0.3ms)
  Rendered static_pages/index.html.erb within layouts/application (14.5ms)
Completed 500 Internal Server Error in 194ms (ActiveRecord: 0.0ms)



Sass::SyntaxError - File to import not found or unreadable: base/grid.scss.
Load paths:
  /Users/carlosgarciajr/Documents/programming/app_academy_work/curriculum/html-css/projects/aa_times/skeleton/app/assets/images
  /Users/carlosgarciajr/Documents/programming/app_academy_work/curriculum/html-css/projects/aa_times/skeleton/app/assets/javascripts
  /Users/carlosgarciajr/Documents/programming/app_academy_work/curriculum/html-css/projects/aa_times/skeleton/app/assets/stylesheets
  /Users/carlosgarciajr/Documents/programming/app_academy_work/curriculum/html-css/projects/aa_times/skeleton/vendor/assets/javascripts
  /Users/carlosgarciajr/Documents/programming/app_academy_work/curriculum/html-css/projects/aa_times/skeleton/vendor/assets/stylesheets
  /Users/carlosgarciajr/.rbenv/versions/2.5.1/lib/ruby/gems/2.5.0/gems/jquery-rails-4.4.0/vendor/assets/javascripts
  /Users/carlosgarciajr/.rbenv/versions/2.5.1/lib/ruby/gems/2.5.0/gems/coffee-rails-4.2.2/lib/assets/javascripts
  /Users/carlosgarciajr/.rbenv/versions/2.5.1/lib/ruby/gems/2.5.0/gems/actioncable-5.0.7.2/lib/assets/compiled:
  app/views/layouts/application.html.erb:7:in `_app_views_layouts_application_html_erb___270333905406359367_70279989431840'

Started POST "/__better_errors/927a171e4587d656/variables" for ::1 at 2020-10-12 13:48:14 -0700
Started GET "/" for ::1 at 2020-10-12 13:48:41 -0700
Processing by StaticPagesController#index as HTML
  Rendering static_pages/index.html.erb within layouts/application
  Rendered shared/_main_nav.html.erb (0.2ms)
  Rendered shared/_masthead.html.erb (0.1ms)
  Rendered shared/_sections_nav.html.erb (0.3ms)
  Rendered shared/_search_modal.html.erb (0.3ms)
  Rendered shared/_main_content.html.erb (0.2ms)
  Rendered static_pages/index.html.erb within layouts/application (12.8ms)
Completed 200 OK in 110ms (Views: 107.4ms | ActiveRecord: 0.0ms)


Started GET "/assets/application.self-1237ad35a9ee79bd64030d4638d1fd80f6734c490eb538e0dd01d7af3c16bf40.css?body=1" for ::1 at 2020-10-12 13:48:41 -0700
Started GET "/" for ::1 at 2020-10-12 13:48:43 -0700
Processing by StaticPagesController#index as HTML
  Rendering static_pages/index.html.erb within layouts/application
  Rendered shared/_main_nav.html.erb (0.2ms)
  Rendered shared/_masthead.html.erb (0.2ms)
  Rendered shared/_sections_nav.html.erb (0.2ms)
  Rendered shared/_search_modal.html.erb (0.2ms)
  Rendered shared/_main_content.html.erb (0.2ms)
  Rendered static_pages/index.html.erb within layouts/application (13.1ms)
Completed 200 OK in 33ms (Views: 29.9ms | ActiveRecord: 0.0ms)


Started GET "/" for ::1 at 2020-10-12 13:55:52 -0700
DEPRECATION WARNING: ActiveRecord::Base.raise_in_transactional_callbacks= is deprecated, has no effect and will be removed without replacement. (called from block (3 levels) in <class:Railtie> at /Users/carlosgarciajr/.rbenv/versions/2.5.1/lib/ruby/gems/2.5.0/gems/activerecord-5.0.7.2/lib/active_record/railtie.rb:113)
Processing by StaticPagesController#index as HTML
  Rendering static_pages/index.html.erb within layouts/application
  Rendered shared/_main_nav.html.erb (0.2ms)
  Rendered shared/_masthead.html.erb (0.1ms)
  Rendered shared/_sections_nav.html.erb (0.3ms)
  Rendered shared/_search_modal.html.erb (0.2ms)
  Rendered shared/_main_content.html.erb (0.3ms)
  Rendered static_pages/index.html.erb within layouts/application (14.6ms)
Completed 200 OK in 257ms (Views: 254.8ms | ActiveRecord: 0.0ms)


Started GET "/assets/application.self-758afe40c177e32f890a8b8e23f11571b5d1785af915c0789bd6a19191afc6ab.css?body=1" for ::1 at 2020-10-12 13:55:52 -0700
Started GET "/assets/new_office.jpg" for ::1 at 2020-10-12 13:55:52 -0700
Started GET "/" for ::1 at 2020-10-12 13:56:32 -0700
Processing by StaticPagesController#index as HTML
  Rendering static_pages/index.html.erb within layouts/application
  Rendered shared/_main_nav.html.erb (0.1ms)
  Rendered shared/_masthead.html.erb (0.2ms)
  Rendered shared/_sections_nav.html.erb (0.1ms)
  Rendered shared/_search_modal.html.erb (0.3ms)
  Rendered shared/_main_content.html.erb (0.3ms)
  Rendered static_pages/index.html.erb within layouts/application (12.3ms)
Completed 200 OK in 75ms (Views: 72.8ms | ActiveRecord: 0.0ms)


Started GET "/assets/application.self-e229079662ba64eec2df88cc9898f07a6b5005419aa37c928d3d684a6d58d3e4.css?body=1" for ::1 at 2020-10-12 13:56:32 -0700
Started GET "/assets/new_office.jpg" for ::1 at 2020-10-12 13:56:32 -0700
Started GET "/" for ::1 at 2020-10-12 13:56:33 -0700
Processing by StaticPagesController#index as HTML
  Rendering static_pages/index.html.erb within layouts/application
  Rendered shared/_main_nav.html.erb (0.2ms)
  Rendered shared/_masthead.html.erb (0.2ms)
  Rendered shared/_sections_nav.html.erb (0.2ms)
  Rendered shared/_search_modal.html.erb (0.2ms)
  Rendered shared/_main_content.html.erb (0.2ms)
  Rendered static_pages/index.html.erb within layouts/application (12.9ms)
Completed 200 OK in 34ms (Views: 31.3ms | ActiveRecord: 0.0ms)


Started GET "/assets/new_office.jpg" for ::1 at 2020-10-12 13:56:33 -0700
Started GET "/" for ::1 at 2020-10-12 13:57:15 -0700
Processing by StaticPagesController#index as HTML
  Rendering static_pages/index.html.erb within layouts/application
  Rendered shared/_main_nav.html.erb (0.2ms)
  Rendered shared/_masthead.html.erb (0.2ms)
  Rendered shared/_sections_nav.html.erb (0.2ms)
  Rendered shared/_search_modal.html.erb (0.2ms)
  Rendered shared/_main_content.html.erb (0.3ms)
  Rendered static_pages/index.html.erb within layouts/application (12.6ms)
Completed 200 OK in 92ms (Views: 88.2ms | ActiveRecord: 0.0ms)


Started GET "/assets/application.self-7aae4f884d21c0f895d0e25909b4a3857ca3f7bdd4412baf28bf32a8b1f558b1.css?body=1" for ::1 at 2020-10-12 13:57:15 -0700
Started GET "/assets/new_office.jpg" for ::1 at 2020-10-12 13:57:15 -0700
Started GET "/bands" for ::1 at 2021-06-24 16:40:10 -0400
DEPRECATION WARNING: ActiveRecord::Base.raise_in_transactional_callbacks= is deprecated, has no effect and will be removed without replacement. (called from block (3 levels) in <class:Railtie> at /home/appacademyshir/.rbenv/versions/2.5.1/lib/ruby/gems/2.5.0/gems/activerecord-5.0.7.2/lib/active_record/railtie.rb:113)
  
ActionController::RoutingError (No route matches [GET] "/bands"):
  
actionpack (5.0.7.2) lib/action_dispatch/middleware/debug_exceptions.rb:53:in `call'
web-console (3.7.0) lib/web_console/middleware.rb:135:in `call_app'
web-console (3.7.0) lib/web_console/middleware.rb:30:in `block in call'
web-console (3.7.0) lib/web_console/middleware.rb:20:in `catch'
web-console (3.7.0) lib/web_console/middleware.rb:20:in `call'
actionpack (5.0.7.2) lib/action_dispatch/middleware/show_exceptions.rb:31:in `call'
railties (5.0.7.2) lib/rails/rack/logger.rb:36:in `call_app'
railties (5.0.7.2) lib/rails/rack/logger.rb:24:in `block in call'
activesupport (5.0.7.2) lib/active_support/tagged_logging.rb:69:in `block in tagged'
activesupport (5.0.7.2) lib/active_support/tagged_logging.rb:26:in `tagged'
activesupport (5.0.7.2) lib/active_support/tagged_logging.rb:69:in `tagged'
railties (5.0.7.2) lib/rails/rack/logger.rb:24:in `call'
actionpack (5.0.7.2) lib/action_dispatch/middleware/request_id.rb:24:in `call'
rack (2.2.3) lib/rack/method_override.rb:24:in `call'
rack (2.2.3) lib/rack/runtime.rb:22:in `call'
activesupport (5.0.7.2) lib/active_support/cache/strategy/local_cache_middleware.rb:28:in `call'
actionpack (5.0.7.2) lib/action_dispatch/middleware/executor.rb:12:in `call'
rack-livereload (0.3.17) lib/rack/livereload.rb:23:in `_call'
rack-livereload (0.3.17) lib/rack/livereload.rb:14:in `call'
actionpack (5.0.7.2) lib/action_dispatch/middleware/static.rb:136:in `call'
rack (2.2.3) lib/rack/sendfile.rb:110:in `call'
railties (5.0.7.2) lib/rails/engine.rb:522:in `call'
puma (3.12.6) lib/puma/configuration.rb:227:in `call'
puma (3.12.6) lib/puma/server.rb:706:in `handle_request'
puma (3.12.6) lib/puma/server.rb:476:in `process_client'
puma (3.12.6) lib/puma/server.rb:334:in `block in run'
puma (3.12.6) lib/puma/thread_pool.rb:135:in `block in spawn_thread'
  Rendering /home/appacademyshir/.rbenv/versions/2.5.1/lib/ruby/gems/2.5.0/gems/actionpack-5.0.7.2/lib/action_dispatch/middleware/templates/rescues/routing_error.html.erb within rescues/layout
  Rendering /home/appacademyshir/.rbenv/versions/2.5.1/lib/ruby/gems/2.5.0/gems/actionpack-5.0.7.2/lib/action_dispatch/middleware/templates/rescues/_trace.html.erb
  Rendered /home/appacademyshir/.rbenv/versions/2.5.1/lib/ruby/gems/2.5.0/gems/actionpack-5.0.7.2/lib/action_dispatch/middleware/templates/rescues/_trace.html.erb (1.8ms)
  Rendered collection of /home/appacademyshir/.rbenv/versions/2.5.1/lib/ruby/gems/2.5.0/gems/actionpack-5.0.7.2/lib/action_dispatch/middleware/templates/routes/_route.html.erb [1 times] (11.2ms)
  Rendered /home/appacademyshir/.rbenv/versions/2.5.1/lib/ruby/gems/2.5.0/gems/actionpack-5.0.7.2/lib/action_dispatch/middleware/templates/routes/_table.html.erb (72.1ms)
  Rendering /home/appacademyshir/.rbenv/versions/2.5.1/lib/ruby/gems/2.5.0/gems/actionpack-5.0.7.2/lib/action_dispatch/middleware/templates/rescues/_request_and_response.html.erb
  Rendered /home/appacademyshir/.rbenv/versions/2.5.1/lib/ruby/gems/2.5.0/gems/actionpack-5.0.7.2/lib/action_dispatch/middleware/templates/rescues/_request_and_response.html.erb (42.7ms)
  Rendered /home/appacademyshir/.rbenv/versions/2.5.1/lib/ruby/gems/2.5.0/gems/actionpack-5.0.7.2/lib/action_dispatch/middleware/templates/rescues/routing_error.html.erb within rescues/layout (370.2ms)
Started GET "/" for ::1 at 2021-06-24 16:40:14 -0400
Processing by StaticPagesController#index as HTML
  Rendering static_pages/index.html.erb within layouts/application
  Rendered shared/_main_nav.html.erb (0.6ms)
  Rendered shared/_masthead.html.erb (0.5ms)
  Rendered shared/_sections_nav.html.erb (0.8ms)
  Rendered shared/_search_modal.html.erb (0.9ms)
  Rendered shared/_main_content.html.erb (0.7ms)
  Rendered static_pages/index.html.erb within layouts/application (84.7ms)
Completed 200 OK in 2260ms (Views: 2242.4ms | ActiveRecord: 0.0ms)


Started GET "/assets/application.self-ad3ae93fb009346ce18793ed2eeee7cfdafd7f651d45572762e1c40f812e4581.css?body=1" for ::1 at 2021-06-24 16:40:17 -0400
Started GET "/assets/jquery.self-bd7ddd393353a8d2480a622e80342adf488fb6006d667e8b42e4c0073393abee.js?body=1" for ::1 at 2021-06-24 16:40:17 -0400
Started GET "/assets/application.self-f571b9db02bf4ed04c38a6a29072ac382f7d4f47db1fab9817aeadb0d8665235.js?body=1" for ::1 at 2021-06-24 16:40:17 -0400
Started GET "/assets/components/sidebar.self-2a1277f850a6fa21e1a974ef5152f177ac05516477d5081d593bb137b3d6808b.js?body=1" for ::1 at 2021-06-24 16:40:17 -0400
Started GET "/assets/jquery_ujs.self-784a997f6726036b1993eb2217c9cb558e1cbb801c6da88105588c56f13b466a.js?body=1" for ::1 at 2021-06-24 16:40:17 -0400
Started GET "/assets/components/modal.self-52188644dbb47def5ee35ae02e69eb567ca9b664472357a8a5789dd39032a265.js?body=1" for ::1 at 2021-06-24 16:40:17 -0400
Started GET "/assets/application.self-ad3ae93fb009346ce18793ed2eeee7cfdafd7f651d45572762e1c40f812e4581.css?body=1&livereload=1624567590294" for ::1 at 2021-06-24 16:46:30 -0400
Started GET "/assets/application.self-ad3ae93fb009346ce18793ed2eeee7cfdafd7f651d45572762e1c40f812e4581.css?body=1&livereload=1624567590298" for ::1 at 2021-06-24 16:46:30 -0400
Started GET "/assets/application.self-ad3ae93fb009346ce18793ed2eeee7cfdafd7f651d45572762e1c40f812e4581.css?body=1&livereload=1624568226387" for ::1 at 2021-06-24 16:57:06 -0400
Started GET "/assets/application.self-ad3ae93fb009346ce18793ed2eeee7cfdafd7f651d45572762e1c40f812e4581.css?body=1&livereload=1624568226384" for ::1 at 2021-06-24 16:57:06 -0400
Started GET "/" for ::1 at 2021-06-24 14:04:12 -0700
DEPRECATION WARNING: ActiveRecord::Base.raise_in_transactional_callbacks= is deprecated, has no effect and will be removed without replacement. (called from block (3 levels) in <class:Railtie> at /Users/christopherdellacqua/.rbenv/versions/2.5.1/lib/ruby/gems/2.5.0/gems/activerecord-5.0.7.2/lib/active_record/railtie.rb:113)
Processing by StaticPagesController#index as HTML
  Rendering static_pages/index.html.erb within layouts/application
  Rendered shared/_main_nav.html.erb (1.0ms)
  Rendered shared/_masthead.html.erb (0.6ms)
  Rendered shared/_sections_nav.html.erb (0.4ms)
  Rendered shared/_search_modal.html.erb (0.4ms)
  Rendered shared/_main_content.html.erb (2.9ms)
  Rendered static_pages/index.html.erb within layouts/application (162.7ms)
Completed 200 OK in 5272ms (Views: 5232.9ms | ActiveRecord: 0.0ms)


Started GET "/assets/jquery.self-bd7ddd393353a8d2480a622e80342adf488fb6006d667e8b42e4c0073393abee.js?body=1" for ::1 at 2021-06-24 14:04:19 -0700
Started GET "/assets/jquery_ujs.self-784a997f6726036b1993eb2217c9cb558e1cbb801c6da88105588c56f13b466a.js?body=1" for ::1 at 2021-06-24 14:04:19 -0700
Started GET "/assets/components/modal.self-52188644dbb47def5ee35ae02e69eb567ca9b664472357a8a5789dd39032a265.js?body=1" for ::1 at 2021-06-24 14:04:19 -0700
Started GET "/assets/application.self-659ddc3f738adb72fb048004aab548de773dd15a5a96ad632830075c024d5703.css?body=1" for ::1 at 2021-06-24 14:04:19 -0700
Started GET "/assets/components/sidebar.self-2a1277f850a6fa21e1a974ef5152f177ac05516477d5081d593bb137b3d6808b.js?body=1" for ::1 at 2021-06-24 14:04:19 -0700
Started GET "/assets/application.self-f571b9db02bf4ed04c38a6a29072ac382f7d4f47db1fab9817aeadb0d8665235.js?body=1" for ::1 at 2021-06-24 14:04:19 -0700
Started GET "/assets/application.self-659ddc3f738adb72fb048004aab548de773dd15a5a96ad632830075c024d5703.css?body=1&livereload=1624568810362" for ::1 at 2021-06-24 14:06:50 -0700
Started GET "/assets/application.self-659ddc3f738adb72fb048004aab548de773dd15a5a96ad632830075c024d5703.css?body=1&livereload=1624568810356" for ::1 at 2021-06-24 14:06:50 -0700
Started GET "/" for ::1 at 2021-06-24 14:06:55 -0700
Processing by StaticPagesController#index as HTML
  Rendering static_pages/index.html.erb within layouts/application
  Rendered shared/_main_nav.html.erb (0.3ms)
  Rendered shared/_masthead.html.erb (0.6ms)
  Rendered shared/_sections_nav.html.erb (1.1ms)
  Rendered shared/_search_modal.html.erb (3.7ms)
  Rendered shared/_main_content.html.erb (0.4ms)
  Rendered static_pages/index.html.erb within layouts/application (498.3ms)
Completed 200 OK in 738ms (Views: 714.8ms | ActiveRecord: 0.0ms)


Started GET "/assets/application.self-5c3195de04ed75fb2486062bade092ca1d59a2681ce14038ea3bcfb852aaca85.css?body=1" for ::1 at 2021-06-24 14:06:56 -0700
Started GET "/assets/application.self-5c3195de04ed75fb2486062bade092ca1d59a2681ce14038ea3bcfb852aaca85.css?body=1&livereload=1624568862672" for ::1 at 2021-06-24 14:07:42 -0700
Started GET "/assets/application.self-5c3195de04ed75fb2486062bade092ca1d59a2681ce14038ea3bcfb852aaca85.css?body=1&livereload=1624568862676" for ::1 at 2021-06-24 14:07:42 -0700
Started GET "/assets/application.self-5c3195de04ed75fb2486062bade092ca1d59a2681ce14038ea3bcfb852aaca85.css?body=1&livereload=1624568908937" for ::1 at 2021-06-24 14:08:28 -0700
Started GET "/assets/application.self-5c3195de04ed75fb2486062bade092ca1d59a2681ce14038ea3bcfb852aaca85.css?body=1&livereload=1624568908936" for ::1 at 2021-06-24 14:08:28 -0700
Started GET "/assets/application.self-5c3195de04ed75fb2486062bade092ca1d59a2681ce14038ea3bcfb852aaca85.css?body=1&livereload=1624568958925" for ::1 at 2021-06-24 14:09:18 -0700
Started GET "/assets/application.self-5c3195de04ed75fb2486062bade092ca1d59a2681ce14038ea3bcfb852aaca85.css?body=1&livereload=1624568958935" for ::1 at 2021-06-24 14:09:18 -0700
Started GET "/assets/application.self-5c3195de04ed75fb2486062bade092ca1d59a2681ce14038ea3bcfb852aaca85.css?body=1&livereload=1624569015400" for ::1 at 2021-06-24 14:10:15 -0700
Started GET "/assets/application.self-5c3195de04ed75fb2486062bade092ca1d59a2681ce14038ea3bcfb852aaca85.css?body=1&livereload=1624569015402" for ::1 at 2021-06-24 14:10:15 -0700
Started GET "/assets/application.self-5c3195de04ed75fb2486062bade092ca1d59a2681ce14038ea3bcfb852aaca85.css?body=1&livereload=1624569582995" for ::1 at 2021-06-24 14:19:43 -0700
Started GET "/assets/application.self-5c3195de04ed75fb2486062bade092ca1d59a2681ce14038ea3bcfb852aaca85.css?body=1&livereload=1624569582996" for ::1 at 2021-06-24 14:19:43 -0700
Started GET "/" for ::1 at 2021-06-24 14:23:24 -0700
Processing by StaticPagesController#index as HTML
  Rendering static_pages/index.html.erb within layouts/application
  Rendered shared/_main_nav.html.erb (0.4ms)
  Rendered shared/_masthead.html.erb (0.6ms)
  Rendered shared/_sections_nav.html.erb (0.2ms)
  Rendered shared/_search_modal.html.erb (0.7ms)
  Rendered shared/_main_content.html.erb (0.3ms)
  Rendered static_pages/index.html.erb within layouts/application (50.4ms)
Completed 200 OK in 154ms (Views: 149.0ms | ActiveRecord: 0.0ms)


Started GET "/assets/application.self-3e6cd17ca0fa729b74ccf0d41e9cbbed713bf3deba8969cde23cee63319e6e70.css?body=1" for ::1 at 2021-06-24 14:23:24 -0700
Started GET "/" for ::1 at 2021-06-24 14:27:28 -0700
Processing by StaticPagesController#index as HTML
  Rendering static_pages/index.html.erb within layouts/application
  Rendered shared/_main_nav.html.erb (0.5ms)
  Rendered shared/_masthead.html.erb (0.3ms)
  Rendered shared/_sections_nav.html.erb (0.3ms)
  Rendered shared/_search_modal.html.erb (0.7ms)
  Rendered shared/_main_content.html.erb (1.0ms)
  Rendered static_pages/index.html.erb within layouts/application (100.5ms)
Completed 200 OK in 250ms (Views: 238.1ms | ActiveRecord: 0.0ms)


Started GET "/" for ::1 at 2021-06-24 14:28:10 -0700
Processing by StaticPagesController#index as HTML
  Rendering static_pages/index.html.erb within layouts/application
  Rendered shared/_main_nav.html.erb (0.4ms)
  Rendered shared/_masthead.html.erb (0.4ms)
  Rendered shared/_sections_nav.html.erb (8.2ms)
  Rendered shared/_search_modal.html.erb (0.5ms)
  Rendered shared/_main_content.html.erb (0.7ms)
  Rendered static_pages/index.html.erb within layouts/application (447.9ms)
Completed 200 OK in 1112ms (Views: 1081.5ms | ActiveRecord: 0.0ms)


Started GET "/assets/application.self-3e6cd17ca0fa729b74ccf0d41e9cbbed713bf3deba8969cde23cee63319e6e70.css?body=1&livereload=1624570398723" for ::1 at 2021-06-24 14:33:18 -0700
Started GET "/assets/application.self-3e6cd17ca0fa729b74ccf0d41e9cbbed713bf3deba8969cde23cee63319e6e70.css?body=1&livereload=1624570398725" for ::1 at 2021-06-24 14:33:18 -0700
Started GET "/assets/application.self-3e6cd17ca0fa729b74ccf0d41e9cbbed713bf3deba8969cde23cee63319e6e70.css?body=1&livereload=1624570465851" for ::1 at 2021-06-24 14:34:25 -0700
Started GET "/assets/application.self-3e6cd17ca0fa729b74ccf0d41e9cbbed713bf3deba8969cde23cee63319e6e70.css?body=1&livereload=1624570465852" for ::1 at 2021-06-24 14:34:25 -0700
Started GET "/assets/application.self-3e6cd17ca0fa729b74ccf0d41e9cbbed713bf3deba8969cde23cee63319e6e70.css?body=1&livereload=1624570501065" for ::1 at 2021-06-24 14:35:01 -0700
Started GET "/assets/application.self-3e6cd17ca0fa729b74ccf0d41e9cbbed713bf3deba8969cde23cee63319e6e70.css?body=1&livereload=1624570501066" for ::1 at 2021-06-24 14:35:01 -0700
Started GET "/assets/application.self-3e6cd17ca0fa729b74ccf0d41e9cbbed713bf3deba8969cde23cee63319e6e70.css?body=1&livereload=1624570545483" for ::1 at 2021-06-24 14:35:45 -0700
Started GET "/assets/application.self-3e6cd17ca0fa729b74ccf0d41e9cbbed713bf3deba8969cde23cee63319e6e70.css?body=1&livereload=1624570545485" for ::1 at 2021-06-24 14:35:45 -0700
Started GET "/assets/application.self-3e6cd17ca0fa729b74ccf0d41e9cbbed713bf3deba8969cde23cee63319e6e70.css?body=1&livereload=1624570568182" for ::1 at 2021-06-24 14:36:08 -0700
Started GET "/assets/application.self-3e6cd17ca0fa729b74ccf0d41e9cbbed713bf3deba8969cde23cee63319e6e70.css?body=1&livereload=1624570568184" for ::1 at 2021-06-24 14:36:08 -0700
Started GET "/assets/application.self-3e6cd17ca0fa729b74ccf0d41e9cbbed713bf3deba8969cde23cee63319e6e70.css?body=1&livereload=1624570581375" for ::1 at 2021-06-24 14:36:21 -0700
Started GET "/assets/application.self-3e6cd17ca0fa729b74ccf0d41e9cbbed713bf3deba8969cde23cee63319e6e70.css?body=1&livereload=1624570581377" for ::1 at 2021-06-24 14:36:21 -0700
Started GET "/assets/application.self-3e6cd17ca0fa729b74ccf0d41e9cbbed713bf3deba8969cde23cee63319e6e70.css?body=1&livereload=1624570605950" for ::1 at 2021-06-24 14:36:45 -0700
Started GET "/assets/application.self-3e6cd17ca0fa729b74ccf0d41e9cbbed713bf3deba8969cde23cee63319e6e70.css?body=1&livereload=1624570605953" for ::1 at 2021-06-24 14:36:45 -0700
Started GET "/assets/application.self-3e6cd17ca0fa729b74ccf0d41e9cbbed713bf3deba8969cde23cee63319e6e70.css?body=1&livereload=1624570665135" for ::1 at 2021-06-24 14:37:45 -0700
Started GET "/assets/application.self-3e6cd17ca0fa729b74ccf0d41e9cbbed713bf3deba8969cde23cee63319e6e70.css?body=1&livereload=1624570665138" for ::1 at 2021-06-24 14:37:45 -0700
Started GET "/assets/application.self-3e6cd17ca0fa729b74ccf0d41e9cbbed713bf3deba8969cde23cee63319e6e70.css?body=1&livereload=1624570772998" for ::1 at 2021-06-24 14:39:33 -0700
Started GET "/assets/application.self-3e6cd17ca0fa729b74ccf0d41e9cbbed713bf3deba8969cde23cee63319e6e70.css?body=1&livereload=1624570773004" for ::1 at 2021-06-24 14:39:33 -0700
Started GET "/assets/application.self-3e6cd17ca0fa729b74ccf0d41e9cbbed713bf3deba8969cde23cee63319e6e70.css?body=1&livereload=1624570795955" for ::1 at 2021-06-24 14:39:55 -0700
Started GET "/assets/application.self-3e6cd17ca0fa729b74ccf0d41e9cbbed713bf3deba8969cde23cee63319e6e70.css?body=1&livereload=1624570795958" for ::1 at 2021-06-24 14:39:55 -0700
Started GET "/assets/application.self-3e6cd17ca0fa729b74ccf0d41e9cbbed713bf3deba8969cde23cee63319e6e70.css?body=1&livereload=1624570829274" for ::1 at 2021-06-24 14:40:29 -0700
Started GET "/assets/application.self-3e6cd17ca0fa729b74ccf0d41e9cbbed713bf3deba8969cde23cee63319e6e70.css?body=1&livereload=1624570829268" for ::1 at 2021-06-24 14:40:29 -0700
Started GET "/assets/application.self-3e6cd17ca0fa729b74ccf0d41e9cbbed713bf3deba8969cde23cee63319e6e70.css?body=1&livereload=1624570936271" for ::1 at 2021-06-24 14:42:16 -0700
Started GET "/assets/application.self-3e6cd17ca0fa729b74ccf0d41e9cbbed713bf3deba8969cde23cee63319e6e70.css?body=1&livereload=1624570936265" for ::1 at 2021-06-24 14:42:16 -0700
Started GET "/assets/application.self-3e6cd17ca0fa729b74ccf0d41e9cbbed713bf3deba8969cde23cee63319e6e70.css?body=1&livereload=1624570966689" for ::1 at 2021-06-24 14:42:46 -0700
Started GET "/assets/application.self-3e6cd17ca0fa729b74ccf0d41e9cbbed713bf3deba8969cde23cee63319e6e70.css?body=1&livereload=1624570966685" for ::1 at 2021-06-24 14:42:46 -0700
Started GET "/assets/application.self-3e6cd17ca0fa729b74ccf0d41e9cbbed713bf3deba8969cde23cee63319e6e70.css?body=1&livereload=1624570981833" for ::1 at 2021-06-24 14:43:01 -0700
Started GET "/assets/application.self-3e6cd17ca0fa729b74ccf0d41e9cbbed713bf3deba8969cde23cee63319e6e70.css?body=1&livereload=1624570981831" for ::1 at 2021-06-24 14:43:01 -0700
Started GET "/assets/application.self-3e6cd17ca0fa729b74ccf0d41e9cbbed713bf3deba8969cde23cee63319e6e70.css?body=1&livereload=1624571010090" for ::1 at 2021-06-24 14:43:30 -0700
Started GET "/assets/application.self-3e6cd17ca0fa729b74ccf0d41e9cbbed713bf3deba8969cde23cee63319e6e70.css?body=1&livereload=1624571010091" for ::1 at 2021-06-24 14:43:30 -0700
Started GET "/assets/application.self-3e6cd17ca0fa729b74ccf0d41e9cbbed713bf3deba8969cde23cee63319e6e70.css?body=1&livereload=1624571019257" for ::1 at 2021-06-24 14:43:39 -0700
Started GET "/assets/application.self-3e6cd17ca0fa729b74ccf0d41e9cbbed713bf3deba8969cde23cee63319e6e70.css?body=1&livereload=1624571019256" for ::1 at 2021-06-24 14:43:39 -0700
Started GET "/assets/application.self-3e6cd17ca0fa729b74ccf0d41e9cbbed713bf3deba8969cde23cee63319e6e70.css?body=1&livereload=1624571215719" for ::1 at 2021-06-24 14:46:55 -0700
Started GET "/assets/application.self-3e6cd17ca0fa729b74ccf0d41e9cbbed713bf3deba8969cde23cee63319e6e70.css?body=1&livereload=1624571215720" for ::1 at 2021-06-24 14:46:55 -0700
Started GET "/assets/application.self-3e6cd17ca0fa729b74ccf0d41e9cbbed713bf3deba8969cde23cee63319e6e70.css?body=1&livereload=1624571253927" for ::1 at 2021-06-24 14:47:33 -0700
Started GET "/assets/application.self-3e6cd17ca0fa729b74ccf0d41e9cbbed713bf3deba8969cde23cee63319e6e70.css?body=1&livereload=1624571253930" for ::1 at 2021-06-24 14:47:33 -0700
Started GET "/assets/application.self-3e6cd17ca0fa729b74ccf0d41e9cbbed713bf3deba8969cde23cee63319e6e70.css?body=1&livereload=1624571309295" for ::1 at 2021-06-24 14:48:29 -0700
Started GET "/assets/application.self-3e6cd17ca0fa729b74ccf0d41e9cbbed713bf3deba8969cde23cee63319e6e70.css?body=1&livereload=1624571309296" for ::1 at 2021-06-24 14:48:29 -0700
Started GET "/assets/application.self-3e6cd17ca0fa729b74ccf0d41e9cbbed713bf3deba8969cde23cee63319e6e70.css?body=1&livereload=1624571356426" for ::1 at 2021-06-24 14:49:16 -0700
Started GET "/assets/application.self-3e6cd17ca0fa729b74ccf0d41e9cbbed713bf3deba8969cde23cee63319e6e70.css?body=1&livereload=1624571356428" for ::1 at 2021-06-24 14:49:16 -0700
Started GET "/assets/application.self-3e6cd17ca0fa729b74ccf0d41e9cbbed713bf3deba8969cde23cee63319e6e70.css?body=1&livereload=1624571380562" for ::1 at 2021-06-24 14:49:40 -0700
Started GET "/assets/application.self-3e6cd17ca0fa729b74ccf0d41e9cbbed713bf3deba8969cde23cee63319e6e70.css?body=1&livereload=1624571380565" for ::1 at 2021-06-24 14:49:40 -0700
Started GET "/assets/application.self-3e6cd17ca0fa729b74ccf0d41e9cbbed713bf3deba8969cde23cee63319e6e70.css?body=1&livereload=1624571382632" for ::1 at 2021-06-24 14:49:42 -0700
Started GET "/assets/application.self-3e6cd17ca0fa729b74ccf0d41e9cbbed713bf3deba8969cde23cee63319e6e70.css?body=1&livereload=1624571382634" for ::1 at 2021-06-24 14:49:42 -0700
Started GET "/" for ::1 at 2021-06-24 14:49:48 -0700
Processing by StaticPagesController#index as HTML
  Rendering static_pages/index.html.erb within layouts/application
  Rendered shared/_main_nav.html.erb (0.6ms)
  Rendered shared/_masthead.html.erb (0.4ms)
  Rendered shared/_sections_nav.html.erb (0.4ms)
  Rendered shared/_search_modal.html.erb (0.3ms)
  Rendered shared/_main_content.html.erb (0.3ms)
  Rendered static_pages/index.html.erb within layouts/application (74.5ms)
Completed 200 OK in 209ms (Views: 183.9ms | ActiveRecord: 0.0ms)


Started GET "/assets/application.self-bf5c0ec5610e20e460e548365dcfae89f2c44ba29f4e6150da8a7cef6170a1aa.css?body=1" for ::1 at 2021-06-24 14:49:48 -0700
Started GET "/assets/application.self-bf5c0ec5610e20e460e548365dcfae89f2c44ba29f4e6150da8a7cef6170a1aa.css?body=1&livereload=1624571440251" for ::1 at 2021-06-24 14:50:40 -0700
Started GET "/assets/application.self-bf5c0ec5610e20e460e548365dcfae89f2c44ba29f4e6150da8a7cef6170a1aa.css?body=1&livereload=1624571440258" for ::1 at 2021-06-24 14:50:40 -0700
Started GET "/assets/application.self-bf5c0ec5610e20e460e548365dcfae89f2c44ba29f4e6150da8a7cef6170a1aa.css?body=1&livereload=1624571509675" for ::1 at 2021-06-24 14:51:49 -0700
Started GET "/assets/application.self-bf5c0ec5610e20e460e548365dcfae89f2c44ba29f4e6150da8a7cef6170a1aa.css?body=1&livereload=1624571509673" for ::1 at 2021-06-24 14:51:49 -0700
Started GET "/assets/application.self-bf5c0ec5610e20e460e548365dcfae89f2c44ba29f4e6150da8a7cef6170a1aa.css?body=1&livereload=1624571553862" for ::1 at 2021-06-24 14:52:33 -0700
Started GET "/assets/application.self-bf5c0ec5610e20e460e548365dcfae89f2c44ba29f4e6150da8a7cef6170a1aa.css?body=1&livereload=1624571553864" for ::1 at 2021-06-24 14:52:33 -0700
Started GET "/assets/application.self-bf5c0ec5610e20e460e548365dcfae89f2c44ba29f4e6150da8a7cef6170a1aa.css?body=1&livereload=1624571611269" for ::1 at 2021-06-24 14:53:31 -0700
Started GET "/assets/application.self-bf5c0ec5610e20e460e548365dcfae89f2c44ba29f4e6150da8a7cef6170a1aa.css?body=1&livereload=1624571611268" for ::1 at 2021-06-24 14:53:31 -0700
Started GET "/assets/application.self-bf5c0ec5610e20e460e548365dcfae89f2c44ba29f4e6150da8a7cef6170a1aa.css?body=1&livereload=1624571655438" for ::1 at 2021-06-24 14:54:15 -0700
Started GET "/assets/application.self-bf5c0ec5610e20e460e548365dcfae89f2c44ba29f4e6150da8a7cef6170a1aa.css?body=1&livereload=1624571655436" for ::1 at 2021-06-24 14:54:15 -0700
Started GET "/assets/application.self-bf5c0ec5610e20e460e548365dcfae89f2c44ba29f4e6150da8a7cef6170a1aa.css?body=1&livereload=1624571678917" for ::1 at 2021-06-24 14:54:38 -0700
Started GET "/assets/application.self-bf5c0ec5610e20e460e548365dcfae89f2c44ba29f4e6150da8a7cef6170a1aa.css?body=1&livereload=1624571678919" for ::1 at 2021-06-24 14:54:38 -0700
Started GET "/assets/application.self-bf5c0ec5610e20e460e548365dcfae89f2c44ba29f4e6150da8a7cef6170a1aa.css?body=1&livereload=1624571730987" for ::1 at 2021-06-24 14:55:31 -0700
Started GET "/assets/application.self-bf5c0ec5610e20e460e548365dcfae89f2c44ba29f4e6150da8a7cef6170a1aa.css?body=1&livereload=1624571730986" for ::1 at 2021-06-24 14:55:31 -0700
Started GET "/assets/application.self-bf5c0ec5610e20e460e548365dcfae89f2c44ba29f4e6150da8a7cef6170a1aa.css?body=1&livereload=1624571735954" for ::1 at 2021-06-24 14:55:35 -0700
Started GET "/assets/application.self-bf5c0ec5610e20e460e548365dcfae89f2c44ba29f4e6150da8a7cef6170a1aa.css?body=1&livereload=1624571735956" for ::1 at 2021-06-24 14:55:35 -0700
Started GET "/assets/application.self-bf5c0ec5610e20e460e548365dcfae89f2c44ba29f4e6150da8a7cef6170a1aa.css?body=1&livereload=1624571878249" for ::1 at 2021-06-24 14:57:58 -0700
Started GET "/assets/application.self-bf5c0ec5610e20e460e548365dcfae89f2c44ba29f4e6150da8a7cef6170a1aa.css?body=1&livereload=1624571878251" for ::1 at 2021-06-24 14:57:58 -0700
Started GET "/assets/application.self-bf5c0ec5610e20e460e548365dcfae89f2c44ba29f4e6150da8a7cef6170a1aa.css?body=1&livereload=1624571916487" for ::1 at 2021-06-24 14:58:36 -0700
Started GET "/assets/application.self-bf5c0ec5610e20e460e548365dcfae89f2c44ba29f4e6150da8a7cef6170a1aa.css?body=1&livereload=1624571916489" for ::1 at 2021-06-24 14:58:36 -0700
Started GET "/assets/application.self-bf5c0ec5610e20e460e548365dcfae89f2c44ba29f4e6150da8a7cef6170a1aa.css?body=1&livereload=1624571971775" for ::1 at 2021-06-24 14:59:31 -0700
Started GET "/assets/application.self-bf5c0ec5610e20e460e548365dcfae89f2c44ba29f4e6150da8a7cef6170a1aa.css?body=1&livereload=1624571971774" for ::1 at 2021-06-24 14:59:31 -0700
Started GET "/assets/application.self-bf5c0ec5610e20e460e548365dcfae89f2c44ba29f4e6150da8a7cef6170a1aa.css?body=1&livereload=1624571984927" for ::1 at 2021-06-24 14:59:44 -0700
Started GET "/assets/application.self-bf5c0ec5610e20e460e548365dcfae89f2c44ba29f4e6150da8a7cef6170a1aa.css?body=1&livereload=1624571984929" for ::1 at 2021-06-24 14:59:44 -0700
Started GET "/assets/application.self-bf5c0ec5610e20e460e548365dcfae89f2c44ba29f4e6150da8a7cef6170a1aa.css?body=1&livereload=1624572001218" for ::1 at 2021-06-24 15:00:01 -0700
Started GET "/assets/application.self-bf5c0ec5610e20e460e548365dcfae89f2c44ba29f4e6150da8a7cef6170a1aa.css?body=1&livereload=1624572001219" for ::1 at 2021-06-24 15:00:01 -0700
Started GET "/assets/application.self-bf5c0ec5610e20e460e548365dcfae89f2c44ba29f4e6150da8a7cef6170a1aa.css?body=1&livereload=1624572010244" for ::1 at 2021-06-24 15:00:10 -0700
Started GET "/assets/application.self-bf5c0ec5610e20e460e548365dcfae89f2c44ba29f4e6150da8a7cef6170a1aa.css?body=1&livereload=1624572010246" for ::1 at 2021-06-24 15:00:10 -0700
Started GET "/assets/application.self-bf5c0ec5610e20e460e548365dcfae89f2c44ba29f4e6150da8a7cef6170a1aa.css?body=1&livereload=1624572020596" for ::1 at 2021-06-24 15:00:20 -0700
Started GET "/assets/application.self-bf5c0ec5610e20e460e548365dcfae89f2c44ba29f4e6150da8a7cef6170a1aa.css?body=1&livereload=1624572020604" for ::1 at 2021-06-24 15:00:20 -0700
Started GET "/assets/application.self-bf5c0ec5610e20e460e548365dcfae89f2c44ba29f4e6150da8a7cef6170a1aa.css?body=1&livereload=1624572033949" for ::1 at 2021-06-24 15:00:33 -0700
Started GET "/assets/application.self-bf5c0ec5610e20e460e548365dcfae89f2c44ba29f4e6150da8a7cef6170a1aa.css?body=1&livereload=1624572033950" for ::1 at 2021-06-24 15:00:33 -0700
Started GET "/assets/application.self-bf5c0ec5610e20e460e548365dcfae89f2c44ba29f4e6150da8a7cef6170a1aa.css?body=1&livereload=1624572046949" for ::1 at 2021-06-24 15:00:46 -0700
Started GET "/assets/application.self-bf5c0ec5610e20e460e548365dcfae89f2c44ba29f4e6150da8a7cef6170a1aa.css?body=1&livereload=1624572046951" for ::1 at 2021-06-24 15:00:46 -0700
Started GET "/assets/application.self-bf5c0ec5610e20e460e548365dcfae89f2c44ba29f4e6150da8a7cef6170a1aa.css?body=1&livereload=1624572121490" for ::1 at 2021-06-24 15:02:01 -0700
Started GET "/assets/application.self-bf5c0ec5610e20e460e548365dcfae89f2c44ba29f4e6150da8a7cef6170a1aa.css?body=1&livereload=1624572121491" for ::1 at 2021-06-24 15:02:01 -0700
Started GET "/assets/application.self-bf5c0ec5610e20e460e548365dcfae89f2c44ba29f4e6150da8a7cef6170a1aa.css?body=1&livereload=1624572129614" for ::1 at 2021-06-24 15:02:09 -0700
Started GET "/assets/application.self-bf5c0ec5610e20e460e548365dcfae89f2c44ba29f4e6150da8a7cef6170a1aa.css?body=1&livereload=1624572129615" for ::1 at 2021-06-24 15:02:09 -0700
Started GET "/assets/application.self-bf5c0ec5610e20e460e548365dcfae89f2c44ba29f4e6150da8a7cef6170a1aa.css?body=1&livereload=1624572139403" for ::1 at 2021-06-24 15:02:19 -0700
Started GET "/assets/application.self-bf5c0ec5610e20e460e548365dcfae89f2c44ba29f4e6150da8a7cef6170a1aa.css?body=1&livereload=1624572139407" for ::1 at 2021-06-24 15:02:19 -0700
Started GET "/assets/application.self-bf5c0ec5610e20e460e548365dcfae89f2c44ba29f4e6150da8a7cef6170a1aa.css?body=1&livereload=1624572149545" for ::1 at 2021-06-24 15:02:29 -0700
Started GET "/assets/application.self-bf5c0ec5610e20e460e548365dcfae89f2c44ba29f4e6150da8a7cef6170a1aa.css?body=1&livereload=1624572149545&livereload=1624572149545" for ::1 at 2021-06-24 15:02:29 -0700
Started GET "/assets/application.self-bf5c0ec5610e20e460e548365dcfae89f2c44ba29f4e6150da8a7cef6170a1aa.css?body=1&livereload=1624572176717&livereload=1624572149545" for ::1 at 2021-06-24 15:02:56 -0700
Started GET "/assets/application.self-bf5c0ec5610e20e460e548365dcfae89f2c44ba29f4e6150da8a7cef6170a1aa.css?body=1&livereload=1624572176720&livereload=1624572149545" for ::1 at 2021-06-24 15:02:56 -0700
Started GET "/assets/application.self-bf5c0ec5610e20e460e548365dcfae89f2c44ba29f4e6150da8a7cef6170a1aa.css?body=1&livereload=1624572179625&livereload=1624572149545" for ::1 at 2021-06-24 15:02:59 -0700
Started GET "/assets/application.self-bf5c0ec5610e20e460e548365dcfae89f2c44ba29f4e6150da8a7cef6170a1aa.css?body=1&livereload=1624572179622&livereload=1624572149545" for ::1 at 2021-06-24 15:02:59 -0700
Started GET "/assets/application.self-bf5c0ec5610e20e460e548365dcfae89f2c44ba29f4e6150da8a7cef6170a1aa.css?body=1&livereload=1624572191801&livereload=1624572149545" for ::1 at 2021-06-24 15:03:11 -0700
Started GET "/assets/application.self-bf5c0ec5610e20e460e548365dcfae89f2c44ba29f4e6150da8a7cef6170a1aa.css?body=1&livereload=1624572191804&livereload=1624572149545" for ::1 at 2021-06-24 15:03:11 -0700
Started GET "/assets/application.self-bf5c0ec5610e20e460e548365dcfae89f2c44ba29f4e6150da8a7cef6170a1aa.css?body=1&livereload=1624572229314&livereload=1624572149545" for ::1 at 2021-06-24 15:03:49 -0700
Started GET "/assets/application.self-bf5c0ec5610e20e460e548365dcfae89f2c44ba29f4e6150da8a7cef6170a1aa.css?body=1&livereload=1624572229315&livereload=1624572149545" for ::1 at 2021-06-24 15:03:49 -0700
Started GET "/assets/application.self-bf5c0ec5610e20e460e548365dcfae89f2c44ba29f4e6150da8a7cef6170a1aa.css?body=1&livereload=1624572428356&livereload=1624572149545" for ::1 at 2021-06-24 15:07:08 -0700
Started GET "/assets/application.self-bf5c0ec5610e20e460e548365dcfae89f2c44ba29f4e6150da8a7cef6170a1aa.css?body=1&livereload=1624572428358&livereload=1624572149545" for ::1 at 2021-06-24 15:07:08 -0700
Started GET "/assets/application.self-bf5c0ec5610e20e460e548365dcfae89f2c44ba29f4e6150da8a7cef6170a1aa.css?body=1&livereload=1624572442157&livereload=1624572149545" for ::1 at 2021-06-24 15:07:22 -0700
Started GET "/assets/application.self-bf5c0ec5610e20e460e548365dcfae89f2c44ba29f4e6150da8a7cef6170a1aa.css?body=1&livereload=1624572442150&livereload=1624572149545" for ::1 at 2021-06-24 15:07:22 -0700
Started GET "/assets/application.self-bf5c0ec5610e20e460e548365dcfae89f2c44ba29f4e6150da8a7cef6170a1aa.css?body=1&livereload=1624572593284&livereload=1624572149545" for ::1 at 2021-06-24 15:09:53 -0700
Started GET "/assets/application.self-bf5c0ec5610e20e460e548365dcfae89f2c44ba29f4e6150da8a7cef6170a1aa.css?body=1&livereload=1624572593286&livereload=1624572149545" for ::1 at 2021-06-24 15:09:53 -0700
Started GET "/assets/application.self-bf5c0ec5610e20e460e548365dcfae89f2c44ba29f4e6150da8a7cef6170a1aa.css?body=1&livereload=1624572623595&livereload=1624572149545" for ::1 at 2021-06-24 15:10:23 -0700
Started GET "/assets/application.self-bf5c0ec5610e20e460e548365dcfae89f2c44ba29f4e6150da8a7cef6170a1aa.css?body=1&livereload=1624572623596&livereload=1624572149545" for ::1 at 2021-06-24 15:10:23 -0700
Started GET "/assets/application.self-bf5c0ec5610e20e460e548365dcfae89f2c44ba29f4e6150da8a7cef6170a1aa.css?body=1&livereload=1624572632577&livereload=1624572149545" for ::1 at 2021-06-24 15:10:32 -0700
Started GET "/assets/application.self-bf5c0ec5610e20e460e548365dcfae89f2c44ba29f4e6150da8a7cef6170a1aa.css?body=1&livereload=1624572632579&livereload=1624572149545" for ::1 at 2021-06-24 15:10:32 -0700
Started GET "/assets/application.self-bf5c0ec5610e20e460e548365dcfae89f2c44ba29f4e6150da8a7cef6170a1aa.css?body=1&livereload=1624572646139&livereload=1624572149545" for ::1 at 2021-06-24 15:10:46 -0700
Started GET "/assets/application.self-bf5c0ec5610e20e460e548365dcfae89f2c44ba29f4e6150da8a7cef6170a1aa.css?body=1&livereload=1624572646137&livereload=1624572149545" for ::1 at 2021-06-24 15:10:46 -0700
Started GET "/assets/application.self-bf5c0ec5610e20e460e548365dcfae89f2c44ba29f4e6150da8a7cef6170a1aa.css?body=1&livereload=1624572659113&livereload=1624572149545" for ::1 at 2021-06-24 15:10:59 -0700
Started GET "/assets/application.self-bf5c0ec5610e20e460e548365dcfae89f2c44ba29f4e6150da8a7cef6170a1aa.css?body=1&livereload=1624572659117&livereload=1624572149545" for ::1 at 2021-06-24 15:10:59 -0700
Started GET "/assets/application.self-bf5c0ec5610e20e460e548365dcfae89f2c44ba29f4e6150da8a7cef6170a1aa.css?body=1&livereload=1624573054639&livereload=1624572149545" for ::1 at 2021-06-24 15:17:34 -0700
Started GET "/assets/application.self-bf5c0ec5610e20e460e548365dcfae89f2c44ba29f4e6150da8a7cef6170a1aa.css?body=1&livereload=1624573054644&livereload=1624572149545" for ::1 at 2021-06-24 15:17:34 -0700
Started GET "/assets/application.self-bf5c0ec5610e20e460e548365dcfae89f2c44ba29f4e6150da8a7cef6170a1aa.css?body=1&livereload=1624573553657&livereload=1624572149545" for ::1 at 2021-06-24 15:25:53 -0700
Started GET "/assets/application.self-bf5c0ec5610e20e460e548365dcfae89f2c44ba29f4e6150da8a7cef6170a1aa.css?body=1&livereload=1624573553659&livereload=1624572149545" for ::1 at 2021-06-24 15:25:53 -0700
Started GET "/assets/application.self-bf5c0ec5610e20e460e548365dcfae89f2c44ba29f4e6150da8a7cef6170a1aa.css?body=1&livereload=1624573591365&livereload=1624572149545" for ::1 at 2021-06-24 15:26:31 -0700
Started GET "/assets/application.self-bf5c0ec5610e20e460e548365dcfae89f2c44ba29f4e6150da8a7cef6170a1aa.css?body=1&livereload=1624573591367&livereload=1624572149545" for ::1 at 2021-06-24 15:26:31 -0700
Started GET "/assets/application.self-bf5c0ec5610e20e460e548365dcfae89f2c44ba29f4e6150da8a7cef6170a1aa.css?body=1&livereload=1624573615786&livereload=1624572149545" for ::1 at 2021-06-24 15:26:55 -0700
Started GET "/assets/application.self-bf5c0ec5610e20e460e548365dcfae89f2c44ba29f4e6150da8a7cef6170a1aa.css?body=1&livereload=1624573615789&livereload=1624572149545" for ::1 at 2021-06-24 15:26:55 -0700
Started GET "/bands" for ::1 at 2021-06-24 18:30:26 -0400
DEPRECATION WARNING: ActiveRecord::Base.raise_in_transactional_callbacks= is deprecated, has no effect and will be removed without replacement. (called from block (3 levels) in <class:Railtie> at /home/appacademyshir/.rbenv/versions/2.5.1/lib/ruby/gems/2.5.0/gems/activerecord-5.0.7.2/lib/active_record/railtie.rb:113)
  
ActionController::RoutingError (No route matches [GET] "/bands"):
  
actionpack (5.0.7.2) lib/action_dispatch/middleware/debug_exceptions.rb:53:in `call'
web-console (3.7.0) lib/web_console/middleware.rb:135:in `call_app'
web-console (3.7.0) lib/web_console/middleware.rb:30:in `block in call'
web-console (3.7.0) lib/web_console/middleware.rb:20:in `catch'
web-console (3.7.0) lib/web_console/middleware.rb:20:in `call'
actionpack (5.0.7.2) lib/action_dispatch/middleware/show_exceptions.rb:31:in `call'
railties (5.0.7.2) lib/rails/rack/logger.rb:36:in `call_app'
railties (5.0.7.2) lib/rails/rack/logger.rb:24:in `block in call'
activesupport (5.0.7.2) lib/active_support/tagged_logging.rb:69:in `block in tagged'
activesupport (5.0.7.2) lib/active_support/tagged_logging.rb:26:in `tagged'
activesupport (5.0.7.2) lib/active_support/tagged_logging.rb:69:in `tagged'
railties (5.0.7.2) lib/rails/rack/logger.rb:24:in `call'
actionpack (5.0.7.2) lib/action_dispatch/middleware/request_id.rb:24:in `call'
rack (2.2.3) lib/rack/method_override.rb:24:in `call'
rack (2.2.3) lib/rack/runtime.rb:22:in `call'
activesupport (5.0.7.2) lib/active_support/cache/strategy/local_cache_middleware.rb:28:in `call'
actionpack (5.0.7.2) lib/action_dispatch/middleware/executor.rb:12:in `call'
rack-livereload (0.3.17) lib/rack/livereload.rb:23:in `_call'
rack-livereload (0.3.17) lib/rack/livereload.rb:14:in `call'
actionpack (5.0.7.2) lib/action_dispatch/middleware/static.rb:136:in `call'
rack (2.2.3) lib/rack/sendfile.rb:110:in `call'
railties (5.0.7.2) lib/rails/engine.rb:522:in `call'
puma (3.12.6) lib/puma/configuration.rb:227:in `call'
puma (3.12.6) lib/puma/server.rb:706:in `handle_request'
puma (3.12.6) lib/puma/server.rb:476:in `process_client'
puma (3.12.6) lib/puma/server.rb:334:in `block in run'
puma (3.12.6) lib/puma/thread_pool.rb:135:in `block in spawn_thread'
  Rendering /home/appacademyshir/.rbenv/versions/2.5.1/lib/ruby/gems/2.5.0/gems/actionpack-5.0.7.2/lib/action_dispatch/middleware/templates/rescues/routing_error.html.erb within rescues/layout
  Rendering /home/appacademyshir/.rbenv/versions/2.5.1/lib/ruby/gems/2.5.0/gems/actionpack-5.0.7.2/lib/action_dispatch/middleware/templates/rescues/_trace.html.erb
  Rendered /home/appacademyshir/.rbenv/versions/2.5.1/lib/ruby/gems/2.5.0/gems/actionpack-5.0.7.2/lib/action_dispatch/middleware/templates/rescues/_trace.html.erb (2.6ms)
  Rendered collection of /home/appacademyshir/.rbenv/versions/2.5.1/lib/ruby/gems/2.5.0/gems/actionpack-5.0.7.2/lib/action_dispatch/middleware/templates/routes/_route.html.erb [1 times] (15.5ms)
  Rendered /home/appacademyshir/.rbenv/versions/2.5.1/lib/ruby/gems/2.5.0/gems/actionpack-5.0.7.2/lib/action_dispatch/middleware/templates/routes/_table.html.erb (54.2ms)
  Rendering /home/appacademyshir/.rbenv/versions/2.5.1/lib/ruby/gems/2.5.0/gems/actionpack-5.0.7.2/lib/action_dispatch/middleware/templates/rescues/_request_and_response.html.erb
  Rendered /home/appacademyshir/.rbenv/versions/2.5.1/lib/ruby/gems/2.5.0/gems/actionpack-5.0.7.2/lib/action_dispatch/middleware/templates/rescues/_request_and_response.html.erb (35.0ms)
  Rendered /home/appacademyshir/.rbenv/versions/2.5.1/lib/ruby/gems/2.5.0/gems/actionpack-5.0.7.2/lib/action_dispatch/middleware/templates/rescues/routing_error.html.erb within rescues/layout (393.2ms)
Started GET "/" for ::1 at 2021-06-24 18:30:29 -0400
Processing by StaticPagesController#index as HTML
  Rendering static_pages/index.html.erb within layouts/application
  Rendered shared/_main_nav.html.erb (1.1ms)
  Rendered shared/_masthead.html.erb (0.7ms)
  Rendered shared/_sections_nav.html.erb (0.7ms)
  Rendered shared/_search_modal.html.erb (1.0ms)
  Rendered shared/_main_content.html.erb (0.5ms)
  Rendered static_pages/index.html.erb within layouts/application (46.4ms)
Completed 200 OK in 1061ms (Views: 1055.6ms | ActiveRecord: 0.0ms)


Started GET "/assets/application.self-97bfa7196b770aa29210122147334565fe98d09307373d4df6d7b071c02b2819.css?body=1" for ::1 at 2021-06-24 18:30:30 -0400
Started GET "/" for ::1 at 2021-06-24 18:34:44 -0400
Processing by StaticPagesController#index as HTML
  Rendering static_pages/index.html.erb within layouts/application
  Rendered shared/_main_nav.html.erb (0.5ms)
  Rendered shared/_masthead.html.erb (0.6ms)
  Rendered shared/_sections_nav.html.erb (0.8ms)
  Rendered shared/_search_modal.html.erb (1.7ms)
  Rendered shared/_main_content.html.erb (0.4ms)
  Rendered static_pages/index.html.erb within layouts/application (34.4ms)
Completed 200 OK in 112ms (Views: 105.1ms | ActiveRecord: 0.0ms)


Started GET "/" for ::1 at 2021-06-24 18:37:09 -0400
Processing by StaticPagesController#index as HTML
  Rendering static_pages/index.html.erb within layouts/application
  Rendered shared/_main_nav.html.erb (0.3ms)
  Rendered shared/_masthead.html.erb (0.8ms)
  Rendered shared/_sections_nav.html.erb (0.7ms)
  Rendered shared/_search_modal.html.erb (0.9ms)
  Rendered shared/_main_content.html.erb (2.7ms)
  Rendered static_pages/index.html.erb within layouts/application (34.3ms)
Completed 200 OK in 93ms (Views: 85.0ms | ActiveRecord: 0.0ms)


Started GET "/" for ::1 at 2021-06-24 18:40:01 -0400
Processing by StaticPagesController#index as HTML
  Rendering static_pages/index.html.erb within layouts/application
  Rendered shared/_main_nav.html.erb (0.7ms)
  Rendered shared/_masthead.html.erb (1.6ms)
  Rendered shared/_sections_nav.html.erb (0.3ms)
  Rendered shared/_search_modal.html.erb (0.8ms)
  Rendered shared/_main_content.html.erb (0.6ms)
  Rendered static_pages/index.html.erb within layouts/application (25.1ms)
Completed 200 OK in 79ms (Views: 71.8ms | ActiveRecord: 0.0ms)


Started GET "/" for ::1 at 2021-06-24 18:41:13 -0400
Processing by StaticPagesController#index as HTML
  Rendering static_pages/index.html.erb within layouts/application
  Rendered shared/_main_nav.html.erb (1.8ms)
  Rendered shared/_masthead.html.erb (0.4ms)
  Rendered shared/_sections_nav.html.erb (0.4ms)
  Rendered shared/_search_modal.html.erb (0.2ms)
  Rendered shared/_main_content.html.erb (0.2ms)
  Rendered static_pages/index.html.erb within layouts/application (25.4ms)
Completed 200 OK in 65ms (Views: 62.9ms | ActiveRecord: 0.0ms)


Started GET "/" for ::1 at 2021-06-24 19:03:23 -0400
Processing by StaticPagesController#index as HTML
  Rendering static_pages/index.html.erb within layouts/application
  Rendered shared/_main_nav.html.erb (0.8ms)
  Rendered shared/_masthead.html.erb (0.4ms)
  Rendered shared/_sections_nav.html.erb (0.3ms)
  Rendered shared/_search_modal.html.erb (0.7ms)
  Rendered shared/_main_content.html.erb (0.6ms)
  Rendered static_pages/index.html.erb within layouts/application (23.6ms)
Completed 200 OK in 68ms (Views: 63.4ms | ActiveRecord: 0.0ms)


Started GET "/" for ::1 at 2021-06-24 19:03:33 -0400
Processing by StaticPagesController#index as HTML
  Rendering static_pages/index.html.erb within layouts/application
  Rendered shared/_main_nav.html.erb (0.5ms)
  Rendered shared/_masthead.html.erb (0.5ms)
  Rendered shared/_sections_nav.html.erb (0.5ms)
  Rendered shared/_search_modal.html.erb (0.4ms)
  Rendered shared/_main_content.html.erb (0.5ms)
  Rendered static_pages/index.html.erb within layouts/application (29.0ms)
Completed 200 OK in 83ms (Views: 80.8ms | ActiveRecord: 0.0ms)


Started GET "/" for ::1 at 2021-06-24 19:06:52 -0400
Processing by StaticPagesController#index as HTML
  Rendering static_pages/index.html.erb within layouts/application
  Rendered shared/_main_nav.html.erb (0.3ms)
  Rendered shared/_masthead.html.erb (0.2ms)
  Rendered shared/_sections_nav.html.erb (0.2ms)
  Rendered shared/_search_modal.html.erb (1.4ms)
  Rendered shared/_main_content.html.erb (1.4ms)
  Rendered static_pages/index.html.erb within layouts/application (21.0ms)
Completed 200 OK in 69ms (Views: 65.3ms | ActiveRecord: 0.0ms)


Started GET "/assets/images/AA_Times_Logo.png" for ::1 at 2021-06-24 19:06:52 -0400
  
ActionController::RoutingError (No route matches [GET] "/assets/images/AA_Times_Logo.png"):
  
actionpack (5.0.7.2) lib/action_dispatch/middleware/debug_exceptions.rb:53:in `call'
web-console (3.7.0) lib/web_console/middleware.rb:135:in `call_app'
web-console (3.7.0) lib/web_console/middleware.rb:30:in `block in call'
web-console (3.7.0) lib/web_console/middleware.rb:20:in `catch'
web-console (3.7.0) lib/web_console/middleware.rb:20:in `call'
actionpack (5.0.7.2) lib/action_dispatch/middleware/show_exceptions.rb:31:in `call'
railties (5.0.7.2) lib/rails/rack/logger.rb:36:in `call_app'
railties (5.0.7.2) lib/rails/rack/logger.rb:24:in `block in call'
activesupport (5.0.7.2) lib/active_support/tagged_logging.rb:69:in `block in tagged'
activesupport (5.0.7.2) lib/active_support/tagged_logging.rb:26:in `tagged'
activesupport (5.0.7.2) lib/active_support/tagged_logging.rb:69:in `tagged'
railties (5.0.7.2) lib/rails/rack/logger.rb:24:in `call'
actionpack (5.0.7.2) lib/action_dispatch/middleware/request_id.rb:24:in `call'
rack (2.2.3) lib/rack/method_override.rb:24:in `call'
rack (2.2.3) lib/rack/runtime.rb:22:in `call'
activesupport (5.0.7.2) lib/active_support/cache/strategy/local_cache_middleware.rb:28:in `call'
actionpack (5.0.7.2) lib/action_dispatch/middleware/executor.rb:12:in `call'
rack-livereload (0.3.17) lib/rack/livereload.rb:23:in `_call'
rack-livereload (0.3.17) lib/rack/livereload.rb:14:in `call'
actionpack (5.0.7.2) lib/action_dispatch/middleware/static.rb:136:in `call'
rack (2.2.3) lib/rack/sendfile.rb:110:in `call'
railties (5.0.7.2) lib/rails/engine.rb:522:in `call'
puma (3.12.6) lib/puma/configuration.rb:227:in `call'
puma (3.12.6) lib/puma/server.rb:706:in `handle_request'
puma (3.12.6) lib/puma/server.rb:476:in `process_client'
puma (3.12.6) lib/puma/server.rb:334:in `block in run'
puma (3.12.6) lib/puma/thread_pool.rb:135:in `block in spawn_thread'
  Rendering /home/appacademyshir/.rbenv/versions/2.5.1/lib/ruby/gems/2.5.0/gems/actionpack-5.0.7.2/lib/action_dispatch/middleware/templates/rescues/routing_error.html.erb within rescues/layout
  Rendering /home/appacademyshir/.rbenv/versions/2.5.1/lib/ruby/gems/2.5.0/gems/actionpack-5.0.7.2/lib/action_dispatch/middleware/templates/rescues/_trace.html.erb
  Rendered /home/appacademyshir/.rbenv/versions/2.5.1/lib/ruby/gems/2.5.0/gems/actionpack-5.0.7.2/lib/action_dispatch/middleware/templates/rescues/_trace.html.erb (1.5ms)
  Rendered collection of /home/appacademyshir/.rbenv/versions/2.5.1/lib/ruby/gems/2.5.0/gems/actionpack-5.0.7.2/lib/action_dispatch/middleware/templates/routes/_route.html.erb [1 times] (2.4ms)
  Rendered /home/appacademyshir/.rbenv/versions/2.5.1/lib/ruby/gems/2.5.0/gems/actionpack-5.0.7.2/lib/action_dispatch/middleware/templates/routes/_table.html.erb (3.1ms)
  Rendering /home/appacademyshir/.rbenv/versions/2.5.1/lib/ruby/gems/2.5.0/gems/actionpack-5.0.7.2/lib/action_dispatch/middleware/templates/rescues/_request_and_response.html.erb
  Rendered /home/appacademyshir/.rbenv/versions/2.5.1/lib/ruby/gems/2.5.0/gems/actionpack-5.0.7.2/lib/action_dispatch/middleware/templates/rescues/_request_and_response.html.erb (3.0ms)
  Rendered /home/appacademyshir/.rbenv/versions/2.5.1/lib/ruby/gems/2.5.0/gems/actionpack-5.0.7.2/lib/action_dispatch/middleware/templates/rescues/routing_error.html.erb within rescues/layout (181.5ms)
Started GET "/" for ::1 at 2021-06-24 19:07:31 -0400
Processing by StaticPagesController#index as HTML
  Rendering static_pages/index.html.erb within layouts/application
  Rendered shared/_main_nav.html.erb (0.3ms)
  Rendered shared/_masthead.html.erb (0.2ms)
  Rendered shared/_sections_nav.html.erb (0.3ms)
  Rendered shared/_search_modal.html.erb (0.5ms)
  Rendered shared/_main_content.html.erb (0.4ms)
  Rendered static_pages/index.html.erb within layouts/application (27.1ms)
Completed 200 OK in 93ms (Views: 87.3ms | ActiveRecord: 0.0ms)


Started GET "/assets/images/AA_Times_Logo.png" for ::1 at 2021-06-24 19:07:31 -0400
  
ActionController::RoutingError (No route matches [GET] "/assets/images/AA_Times_Logo.png"):
  
actionpack (5.0.7.2) lib/action_dispatch/middleware/debug_exceptions.rb:53:in `call'
web-console (3.7.0) lib/web_console/middleware.rb:135:in `call_app'
web-console (3.7.0) lib/web_console/middleware.rb:30:in `block in call'
web-console (3.7.0) lib/web_console/middleware.rb:20:in `catch'
web-console (3.7.0) lib/web_console/middleware.rb:20:in `call'
actionpack (5.0.7.2) lib/action_dispatch/middleware/show_exceptions.rb:31:in `call'
railties (5.0.7.2) lib/rails/rack/logger.rb:36:in `call_app'
railties (5.0.7.2) lib/rails/rack/logger.rb:24:in `block in call'
activesupport (5.0.7.2) lib/active_support/tagged_logging.rb:69:in `block in tagged'
activesupport (5.0.7.2) lib/active_support/tagged_logging.rb:26:in `tagged'
activesupport (5.0.7.2) lib/active_support/tagged_logging.rb:69:in `tagged'
railties (5.0.7.2) lib/rails/rack/logger.rb:24:in `call'
actionpack (5.0.7.2) lib/action_dispatch/middleware/request_id.rb:24:in `call'
rack (2.2.3) lib/rack/method_override.rb:24:in `call'
rack (2.2.3) lib/rack/runtime.rb:22:in `call'
activesupport (5.0.7.2) lib/active_support/cache/strategy/local_cache_middleware.rb:28:in `call'
actionpack (5.0.7.2) lib/action_dispatch/middleware/executor.rb:12:in `call'
rack-livereload (0.3.17) lib/rack/livereload.rb:23:in `_call'
rack-livereload (0.3.17) lib/rack/livereload.rb:14:in `call'
actionpack (5.0.7.2) lib/action_dispatch/middleware/static.rb:136:in `call'
rack (2.2.3) lib/rack/sendfile.rb:110:in `call'
railties (5.0.7.2) lib/rails/engine.rb:522:in `call'
puma (3.12.6) lib/puma/configuration.rb:227:in `call'
puma (3.12.6) lib/puma/server.rb:706:in `handle_request'
puma (3.12.6) lib/puma/server.rb:476:in `process_client'
puma (3.12.6) lib/puma/server.rb:334:in `block in run'
puma (3.12.6) lib/puma/thread_pool.rb:135:in `block in spawn_thread'
  Rendering /home/appacademyshir/.rbenv/versions/2.5.1/lib/ruby/gems/2.5.0/gems/actionpack-5.0.7.2/lib/action_dispatch/middleware/templates/rescues/routing_error.html.erb within rescues/layout
  Rendering /home/appacademyshir/.rbenv/versions/2.5.1/lib/ruby/gems/2.5.0/gems/actionpack-5.0.7.2/lib/action_dispatch/middleware/templates/rescues/_trace.html.erb
  Rendered /home/appacademyshir/.rbenv/versions/2.5.1/lib/ruby/gems/2.5.0/gems/actionpack-5.0.7.2/lib/action_dispatch/middleware/templates/rescues/_trace.html.erb (3.3ms)
  Rendered collection of /home/appacademyshir/.rbenv/versions/2.5.1/lib/ruby/gems/2.5.0/gems/actionpack-5.0.7.2/lib/action_dispatch/middleware/templates/routes/_route.html.erb [1 times] (1.7ms)
  Rendered /home/appacademyshir/.rbenv/versions/2.5.1/lib/ruby/gems/2.5.0/gems/actionpack-5.0.7.2/lib/action_dispatch/middleware/templates/routes/_table.html.erb (2.0ms)
  Rendering /home/appacademyshir/.rbenv/versions/2.5.1/lib/ruby/gems/2.5.0/gems/actionpack-5.0.7.2/lib/action_dispatch/middleware/templates/rescues/_request_and_response.html.erb
  Rendered /home/appacademyshir/.rbenv/versions/2.5.1/lib/ruby/gems/2.5.0/gems/actionpack-5.0.7.2/lib/action_dispatch/middleware/templates/rescues/_request_and_response.html.erb (2.8ms)
  Rendered /home/appacademyshir/.rbenv/versions/2.5.1/lib/ruby/gems/2.5.0/gems/actionpack-5.0.7.2/lib/action_dispatch/middleware/templates/rescues/routing_error.html.erb within rescues/layout (193.0ms)
Started GET "/" for ::1 at 2021-06-24 19:07:49 -0400
Processing by StaticPagesController#index as HTML
  Rendering static_pages/index.html.erb within layouts/application
  Rendered shared/_main_nav.html.erb (0.7ms)
  Rendered shared/_masthead.html.erb (0.4ms)
  Rendered shared/_sections_nav.html.erb (0.4ms)
  Rendered shared/_search_modal.html.erb (0.3ms)
  Rendered shared/_main_content.html.erb (1.4ms)
  Rendered static_pages/index.html.erb within layouts/application (29.8ms)
Completed 200 OK in 77ms (Views: 74.7ms | ActiveRecord: 0.0ms)


Started GET "/assets/images/AA_Times_Logo.png" for ::1 at 2021-06-24 19:07:49 -0400
  
ActionController::RoutingError (No route matches [GET] "/assets/images/AA_Times_Logo.png"):
  
actionpack (5.0.7.2) lib/action_dispatch/middleware/debug_exceptions.rb:53:in `call'
web-console (3.7.0) lib/web_console/middleware.rb:135:in `call_app'
web-console (3.7.0) lib/web_console/middleware.rb:30:in `block in call'
web-console (3.7.0) lib/web_console/middleware.rb:20:in `catch'
web-console (3.7.0) lib/web_console/middleware.rb:20:in `call'
actionpack (5.0.7.2) lib/action_dispatch/middleware/show_exceptions.rb:31:in `call'
railties (5.0.7.2) lib/rails/rack/logger.rb:36:in `call_app'
railties (5.0.7.2) lib/rails/rack/logger.rb:24:in `block in call'
activesupport (5.0.7.2) lib/active_support/tagged_logging.rb:69:in `block in tagged'
activesupport (5.0.7.2) lib/active_support/tagged_logging.rb:26:in `tagged'
activesupport (5.0.7.2) lib/active_support/tagged_logging.rb:69:in `tagged'
railties (5.0.7.2) lib/rails/rack/logger.rb:24:in `call'
actionpack (5.0.7.2) lib/action_dispatch/middleware/request_id.rb:24:in `call'
rack (2.2.3) lib/rack/method_override.rb:24:in `call'
rack (2.2.3) lib/rack/runtime.rb:22:in `call'
activesupport (5.0.7.2) lib/active_support/cache/strategy/local_cache_middleware.rb:28:in `call'
actionpack (5.0.7.2) lib/action_dispatch/middleware/executor.rb:12:in `call'
rack-livereload (0.3.17) lib/rack/livereload.rb:23:in `_call'
rack-livereload (0.3.17) lib/rack/livereload.rb:14:in `call'
actionpack (5.0.7.2) lib/action_dispatch/middleware/static.rb:136:in `call'
rack (2.2.3) lib/rack/sendfile.rb:110:in `call'
railties (5.0.7.2) lib/rails/engine.rb:522:in `call'
puma (3.12.6) lib/puma/configuration.rb:227:in `call'
puma (3.12.6) lib/puma/server.rb:706:in `handle_request'
puma (3.12.6) lib/puma/server.rb:476:in `process_client'
puma (3.12.6) lib/puma/server.rb:334:in `block in run'
puma (3.12.6) lib/puma/thread_pool.rb:135:in `block in spawn_thread'
  Rendering /home/appacademyshir/.rbenv/versions/2.5.1/lib/ruby/gems/2.5.0/gems/actionpack-5.0.7.2/lib/action_dispatch/middleware/templates/rescues/routing_error.html.erb within rescues/layout
  Rendering /home/appacademyshir/.rbenv/versions/2.5.1/lib/ruby/gems/2.5.0/gems/actionpack-5.0.7.2/lib/action_dispatch/middleware/templates/rescues/_trace.html.erb
  Rendered /home/appacademyshir/.rbenv/versions/2.5.1/lib/ruby/gems/2.5.0/gems/actionpack-5.0.7.2/lib/action_dispatch/middleware/templates/rescues/_trace.html.erb (2.6ms)
  Rendered collection of /home/appacademyshir/.rbenv/versions/2.5.1/lib/ruby/gems/2.5.0/gems/actionpack-5.0.7.2/lib/action_dispatch/middleware/templates/routes/_route.html.erb [1 times] (2.8ms)
  Rendered /home/appacademyshir/.rbenv/versions/2.5.1/lib/ruby/gems/2.5.0/gems/actionpack-5.0.7.2/lib/action_dispatch/middleware/templates/routes/_table.html.erb (3.3ms)
  Rendering /home/appacademyshir/.rbenv/versions/2.5.1/lib/ruby/gems/2.5.0/gems/actionpack-5.0.7.2/lib/action_dispatch/middleware/templates/rescues/_request_and_response.html.erb
  Rendered /home/appacademyshir/.rbenv/versions/2.5.1/lib/ruby/gems/2.5.0/gems/actionpack-5.0.7.2/lib/action_dispatch/middleware/templates/rescues/_request_and_response.html.erb (4.7ms)
  Rendered /home/appacademyshir/.rbenv/versions/2.5.1/lib/ruby/gems/2.5.0/gems/actionpack-5.0.7.2/lib/action_dispatch/middleware/templates/rescues/routing_error.html.erb within rescues/layout (231.8ms)
Started GET "/" for ::1 at 2021-06-24 19:07:53 -0400
Processing by StaticPagesController#index as HTML
  Rendering static_pages/index.html.erb within layouts/application
  Rendered shared/_main_nav.html.erb (0.3ms)
  Rendered shared/_masthead.html.erb (0.2ms)
  Rendered shared/_sections_nav.html.erb (2.2ms)
  Rendered shared/_search_modal.html.erb (1.9ms)
  Rendered shared/_main_content.html.erb (0.6ms)
  Rendered static_pages/index.html.erb within layouts/application (28.9ms)
Completed 200 OK in 80ms (Views: 78.0ms | ActiveRecord: 0.0ms)


Started GET "/assets/images/AA_Times_Logo.png" for ::1 at 2021-06-24 19:07:53 -0400
  
ActionController::RoutingError (No route matches [GET] "/assets/images/AA_Times_Logo.png"):
  
actionpack (5.0.7.2) lib/action_dispatch/middleware/debug_exceptions.rb:53:in `call'
web-console (3.7.0) lib/web_console/middleware.rb:135:in `call_app'
web-console (3.7.0) lib/web_console/middleware.rb:30:in `block in call'
web-console (3.7.0) lib/web_console/middleware.rb:20:in `catch'
web-console (3.7.0) lib/web_console/middleware.rb:20:in `call'
actionpack (5.0.7.2) lib/action_dispatch/middleware/show_exceptions.rb:31:in `call'
railties (5.0.7.2) lib/rails/rack/logger.rb:36:in `call_app'
railties (5.0.7.2) lib/rails/rack/logger.rb:24:in `block in call'
activesupport (5.0.7.2) lib/active_support/tagged_logging.rb:69:in `block in tagged'
activesupport (5.0.7.2) lib/active_support/tagged_logging.rb:26:in `tagged'
activesupport (5.0.7.2) lib/active_support/tagged_logging.rb:69:in `tagged'
railties (5.0.7.2) lib/rails/rack/logger.rb:24:in `call'
actionpack (5.0.7.2) lib/action_dispatch/middleware/request_id.rb:24:in `call'
rack (2.2.3) lib/rack/method_override.rb:24:in `call'
rack (2.2.3) lib/rack/runtime.rb:22:in `call'
activesupport (5.0.7.2) lib/active_support/cache/strategy/local_cache_middleware.rb:28:in `call'
actionpack (5.0.7.2) lib/action_dispatch/middleware/executor.rb:12:in `call'
rack-livereload (0.3.17) lib/rack/livereload.rb:23:in `_call'
rack-livereload (0.3.17) lib/rack/livereload.rb:14:in `call'
actionpack (5.0.7.2) lib/action_dispatch/middleware/static.rb:136:in `call'
rack (2.2.3) lib/rack/sendfile.rb:110:in `call'
railties (5.0.7.2) lib/rails/engine.rb:522:in `call'
puma (3.12.6) lib/puma/configuration.rb:227:in `call'
puma (3.12.6) lib/puma/server.rb:706:in `handle_request'
puma (3.12.6) lib/puma/server.rb:476:in `process_client'
puma (3.12.6) lib/puma/server.rb:334:in `block in run'
puma (3.12.6) lib/puma/thread_pool.rb:135:in `block in spawn_thread'
  Rendering /home/appacademyshir/.rbenv/versions/2.5.1/lib/ruby/gems/2.5.0/gems/actionpack-5.0.7.2/lib/action_dispatch/middleware/templates/rescues/routing_error.html.erb within rescues/layout
  Rendering /home/appacademyshir/.rbenv/versions/2.5.1/lib/ruby/gems/2.5.0/gems/actionpack-5.0.7.2/lib/action_dispatch/middleware/templates/rescues/_trace.html.erb
  Rendered /home/appacademyshir/.rbenv/versions/2.5.1/lib/ruby/gems/2.5.0/gems/actionpack-5.0.7.2/lib/action_dispatch/middleware/templates/rescues/_trace.html.erb (0.8ms)
  Rendered collection of /home/appacademyshir/.rbenv/versions/2.5.1/lib/ruby/gems/2.5.0/gems/actionpack-5.0.7.2/lib/action_dispatch/middleware/templates/routes/_route.html.erb [1 times] (2.7ms)
  Rendered /home/appacademyshir/.rbenv/versions/2.5.1/lib/ruby/gems/2.5.0/gems/actionpack-5.0.7.2/lib/action_dispatch/middleware/templates/routes/_table.html.erb (1.2ms)
  Rendering /home/appacademyshir/.rbenv/versions/2.5.1/lib/ruby/gems/2.5.0/gems/actionpack-5.0.7.2/lib/action_dispatch/middleware/templates/rescues/_request_and_response.html.erb
  Rendered /home/appacademyshir/.rbenv/versions/2.5.1/lib/ruby/gems/2.5.0/gems/actionpack-5.0.7.2/lib/action_dispatch/middleware/templates/rescues/_request_and_response.html.erb (3.7ms)
  Rendered /home/appacademyshir/.rbenv/versions/2.5.1/lib/ruby/gems/2.5.0/gems/actionpack-5.0.7.2/lib/action_dispatch/middleware/templates/rescues/routing_error.html.erb within rescues/layout (115.9ms)
Started GET "/" for ::1 at 2021-06-24 19:08:22 -0400
Processing by StaticPagesController#index as HTML
  Rendering static_pages/index.html.erb within layouts/application
  Rendered shared/_main_nav.html.erb (0.6ms)
  Rendered shared/_masthead.html.erb (0.4ms)
  Rendered shared/_sections_nav.html.erb (0.3ms)
  Rendered shared/_search_modal.html.erb (0.7ms)
  Rendered shared/_main_content.html.erb (0.2ms)
  Rendered static_pages/index.html.erb within layouts/application (23.3ms)
Completed 200 OK in 91ms (Views: 88.8ms | ActiveRecord: 0.0ms)


Started GET "/app/assets/images/AA_Times_Logo.png" for ::1 at 2021-06-24 19:08:23 -0400
  
ActionController::RoutingError (No route matches [GET] "/app/assets/images/AA_Times_Logo.png"):
  
actionpack (5.0.7.2) lib/action_dispatch/middleware/debug_exceptions.rb:53:in `call'
web-console (3.7.0) lib/web_console/middleware.rb:135:in `call_app'
web-console (3.7.0) lib/web_console/middleware.rb:30:in `block in call'
web-console (3.7.0) lib/web_console/middleware.rb:20:in `catch'
web-console (3.7.0) lib/web_console/middleware.rb:20:in `call'
actionpack (5.0.7.2) lib/action_dispatch/middleware/show_exceptions.rb:31:in `call'
railties (5.0.7.2) lib/rails/rack/logger.rb:36:in `call_app'
railties (5.0.7.2) lib/rails/rack/logger.rb:24:in `block in call'
activesupport (5.0.7.2) lib/active_support/tagged_logging.rb:69:in `block in tagged'
activesupport (5.0.7.2) lib/active_support/tagged_logging.rb:26:in `tagged'
activesupport (5.0.7.2) lib/active_support/tagged_logging.rb:69:in `tagged'
railties (5.0.7.2) lib/rails/rack/logger.rb:24:in `call'
actionpack (5.0.7.2) lib/action_dispatch/middleware/request_id.rb:24:in `call'
rack (2.2.3) lib/rack/method_override.rb:24:in `call'
rack (2.2.3) lib/rack/runtime.rb:22:in `call'
activesupport (5.0.7.2) lib/active_support/cache/strategy/local_cache_middleware.rb:28:in `call'
actionpack (5.0.7.2) lib/action_dispatch/middleware/executor.rb:12:in `call'
rack-livereload (0.3.17) lib/rack/livereload.rb:23:in `_call'
rack-livereload (0.3.17) lib/rack/livereload.rb:14:in `call'
actionpack (5.0.7.2) lib/action_dispatch/middleware/static.rb:136:in `call'
rack (2.2.3) lib/rack/sendfile.rb:110:in `call'
railties (5.0.7.2) lib/rails/engine.rb:522:in `call'
puma (3.12.6) lib/puma/configuration.rb:227:in `call'
puma (3.12.6) lib/puma/server.rb:706:in `handle_request'
puma (3.12.6) lib/puma/server.rb:476:in `process_client'
puma (3.12.6) lib/puma/server.rb:334:in `block in run'
puma (3.12.6) lib/puma/thread_pool.rb:135:in `block in spawn_thread'
  Rendering /home/appacademyshir/.rbenv/versions/2.5.1/lib/ruby/gems/2.5.0/gems/actionpack-5.0.7.2/lib/action_dispatch/middleware/templates/rescues/routing_error.html.erb within rescues/layout
  Rendering /home/appacademyshir/.rbenv/versions/2.5.1/lib/ruby/gems/2.5.0/gems/actionpack-5.0.7.2/lib/action_dispatch/middleware/templates/rescues/_trace.html.erb
  Rendered /home/appacademyshir/.rbenv/versions/2.5.1/lib/ruby/gems/2.5.0/gems/actionpack-5.0.7.2/lib/action_dispatch/middleware/templates/rescues/_trace.html.erb (2.9ms)
  Rendered collection of /home/appacademyshir/.rbenv/versions/2.5.1/lib/ruby/gems/2.5.0/gems/actionpack-5.0.7.2/lib/action_dispatch/middleware/templates/routes/_route.html.erb [1 times] (2.3ms)
  Rendered /home/appacademyshir/.rbenv/versions/2.5.1/lib/ruby/gems/2.5.0/gems/actionpack-5.0.7.2/lib/action_dispatch/middleware/templates/routes/_table.html.erb (1.6ms)
  Rendering /home/appacademyshir/.rbenv/versions/2.5.1/lib/ruby/gems/2.5.0/gems/actionpack-5.0.7.2/lib/action_dispatch/middleware/templates/rescues/_request_and_response.html.erb
  Rendered /home/appacademyshir/.rbenv/versions/2.5.1/lib/ruby/gems/2.5.0/gems/actionpack-5.0.7.2/lib/action_dispatch/middleware/templates/rescues/_request_and_response.html.erb (2.3ms)
  Rendered /home/appacademyshir/.rbenv/versions/2.5.1/lib/ruby/gems/2.5.0/gems/actionpack-5.0.7.2/lib/action_dispatch/middleware/templates/rescues/routing_error.html.erb within rescues/layout (196.7ms)
Started GET "/" for ::1 at 2021-06-24 19:09:16 -0400
Processing by StaticPagesController#index as HTML
  Rendering static_pages/index.html.erb within layouts/application
  Rendered shared/_main_nav.html.erb (0.9ms)
  Rendered shared/_masthead.html.erb (0.7ms)
  Rendered shared/_sections_nav.html.erb (0.4ms)
  Rendered shared/_search_modal.html.erb (1.2ms)
  Rendered shared/_main_content.html.erb (0.2ms)
  Rendered static_pages/index.html.erb within layouts/application (30.2ms)
Completed 200 OK in 84ms (Views: 81.7ms | ActiveRecord: 0.0ms)


Started GET "/assets/AA_Times_Logo.png" for ::1 at 2021-06-24 19:09:17 -0400
Started GET "/" for ::1 at 2021-06-24 19:09:20 -0400
Processing by StaticPagesController#index as HTML
  Rendering static_pages/index.html.erb within layouts/application
  Rendered shared/_main_nav.html.erb (0.5ms)
  Rendered shared/_masthead.html.erb (0.9ms)
  Rendered shared/_sections_nav.html.erb (0.5ms)
  Rendered shared/_search_modal.html.erb (0.4ms)
  Rendered shared/_main_content.html.erb (0.4ms)
  Rendered static_pages/index.html.erb within layouts/application (25.0ms)
Completed 200 OK in 84ms (Views: 77.6ms | ActiveRecord: 0.0ms)


Started GET "/assets/AA_Times_Logo.png" for ::1 at 2021-06-24 19:09:20 -0400
Started GET "/" for ::1 at 2021-06-24 19:12:07 -0400
Processing by StaticPagesController#index as HTML
  Rendering static_pages/index.html.erb within layouts/application
  Rendered shared/_main_nav.html.erb (0.4ms)
  Rendered shared/_masthead.html.erb (0.3ms)
  Rendered shared/_sections_nav.html.erb (0.8ms)
  Rendered shared/_search_modal.html.erb (0.4ms)
  Rendered shared/_main_content.html.erb (0.6ms)
  Rendered static_pages/index.html.erb within layouts/application (23.6ms)
Completed 200 OK in 93ms (Views: 88.4ms | ActiveRecord: 0.0ms)


Started GET "/assets/AA_Times_Logo.png" for ::1 at 2021-06-24 19:12:08 -0400
Started GET "/" for ::1 at 2021-06-24 19:12:31 -0400
Processing by StaticPagesController#index as HTML
  Rendering static_pages/index.html.erb within layouts/application
  Rendered shared/_main_nav.html.erb (0.3ms)
  Rendered shared/_masthead.html.erb (1.6ms)
  Rendered shared/_sections_nav.html.erb (0.3ms)
  Rendered shared/_search_modal.html.erb (0.3ms)
  Rendered shared/_main_content.html.erb (0.5ms)
  Rendered static_pages/index.html.erb within layouts/application (22.6ms)
Completed 200 OK in 74ms (Views: 72.3ms | ActiveRecord: 0.0ms)


Started GET "/assets/AA_Times_Logo.png" for ::1 at 2021-06-24 19:12:31 -0400
Started GET "/" for ::1 at 2021-06-24 19:12:39 -0400
Processing by StaticPagesController#index as HTML
  Rendering static_pages/index.html.erb within layouts/application
  Rendered shared/_main_nav.html.erb (0.4ms)
  Rendered shared/_masthead.html.erb (0.4ms)
  Rendered shared/_sections_nav.html.erb (0.8ms)
  Rendered shared/_search_modal.html.erb (1.4ms)
  Rendered shared/_main_content.html.erb (1.2ms)
  Rendered static_pages/index.html.erb within layouts/application (31.9ms)
Completed 200 OK in 85ms (Views: 80.6ms | ActiveRecord: 0.0ms)


Started GET "/assets/AA_Times_Logo.png" for ::1 at 2021-06-24 19:12:39 -0400
Started GET "/" for ::1 at 2021-06-24 19:15:54 -0400
Processing by StaticPagesController#index as HTML
  Rendering static_pages/index.html.erb within layouts/application
  Rendered shared/_main_nav.html.erb (0.9ms)
  Rendered shared/_masthead.html.erb (0.5ms)
  Rendered shared/_sections_nav.html.erb (0.4ms)
  Rendered shared/_search_modal.html.erb (0.5ms)
  Rendered shared/_main_content.html.erb (0.2ms)
  Rendered static_pages/index.html.erb within layouts/application (28.0ms)
Completed 200 OK in 81ms (Views: 79.3ms | ActiveRecord: 0.0ms)


Started GET "/assets/AA_Times_Logo.png" for ::1 at 2021-06-24 19:15:55 -0400
Started GET "/" for ::1 at 2021-06-24 19:16:01 -0400
Processing by StaticPagesController#index as HTML
  Rendering static_pages/index.html.erb within layouts/application
  Rendered shared/_main_nav.html.erb (0.7ms)
  Rendered shared/_masthead.html.erb (0.9ms)
  Rendered shared/_sections_nav.html.erb (1.3ms)
  Rendered shared/_search_modal.html.erb (0.5ms)
  Rendered shared/_main_content.html.erb (1.4ms)
  Rendered static_pages/index.html.erb within layouts/application (25.6ms)
Completed 200 OK in 77ms (Views: 75.6ms | ActiveRecord: 0.0ms)


Started GET "/assets/AA_Times_Logo.png" for ::1 at 2021-06-24 19:16:01 -0400
Started GET "/" for ::1 at 2021-06-24 19:16:04 -0400
Processing by StaticPagesController#index as HTML
  Rendering static_pages/index.html.erb within layouts/application
  Rendered shared/_main_nav.html.erb (1.5ms)
  Rendered shared/_masthead.html.erb (1.1ms)
  Rendered shared/_sections_nav.html.erb (2.1ms)
  Rendered shared/_search_modal.html.erb (0.4ms)
  Rendered shared/_main_content.html.erb (0.5ms)
  Rendered static_pages/index.html.erb within layouts/application (39.0ms)
Completed 200 OK in 107ms (Views: 102.9ms | ActiveRecord: 0.0ms)


Started GET "/assets/AA_Times_Logo.png" for ::1 at 2021-06-24 19:16:04 -0400
Started GET "/" for ::1 at 2021-06-24 19:17:03 -0400
Processing by StaticPagesController#index as HTML
  Rendering static_pages/index.html.erb within layouts/application
  Rendered shared/_main_nav.html.erb (1.7ms)
  Rendered shared/_masthead.html.erb (1.2ms)
  Rendered shared/_sections_nav.html.erb (1.1ms)
  Rendered shared/_search_modal.html.erb (0.7ms)
  Rendered shared/_main_content.html.erb (0.3ms)
  Rendered static_pages/index.html.erb within layouts/application (31.1ms)
Completed 200 OK in 93ms (Views: 88.9ms | ActiveRecord: 0.0ms)


Started GET "/assets/AA_Times_Logo.png" for ::1 at 2021-06-24 19:17:04 -0400
Started GET "/" for ::1 at 2021-06-24 19:18:21 -0400
Processing by StaticPagesController#index as HTML
  Rendering static_pages/index.html.erb within layouts/application
  Rendered shared/_main_nav.html.erb (3.1ms)
  Rendered shared/_masthead.html.erb (0.4ms)
  Rendered shared/_sections_nav.html.erb (1.3ms)
  Rendered shared/_search_modal.html.erb (0.5ms)
  Rendered shared/_main_content.html.erb (0.6ms)
  Rendered static_pages/index.html.erb within layouts/application (37.0ms)
Completed 200 OK in 81ms (Views: 79.3ms | ActiveRecord: 0.0ms)


Started GET "/assets/AA_Times_Logo.png" for ::1 at 2021-06-24 19:18:21 -0400
Started GET "/" for ::1 at 2021-06-24 19:22:23 -0400
Processing by StaticPagesController#index as HTML
  Rendering static_pages/index.html.erb within layouts/application
  Rendered shared/_main_nav.html.erb (1.4ms)
  Rendered shared/_masthead.html.erb (1.2ms)
  Rendered shared/_sections_nav.html.erb (0.8ms)
  Rendered shared/_search_modal.html.erb (0.3ms)
  Rendered shared/_main_content.html.erb (0.6ms)
  Rendered static_pages/index.html.erb within layouts/application (26.8ms)
Completed 200 OK in 82ms (Views: 79.6ms | ActiveRecord: 0.0ms)


Started GET "/assets/AA_Times_Logo.png" for ::1 at 2021-06-24 19:22:24 -0400
Started GET "/" for ::1 at 2021-06-24 19:22:26 -0400
Processing by StaticPagesController#index as HTML
  Rendering static_pages/index.html.erb within layouts/application
  Rendered shared/_main_nav.html.erb (0.4ms)
  Rendered shared/_masthead.html.erb (0.8ms)
  Rendered shared/_sections_nav.html.erb (2.3ms)
  Rendered shared/_search_modal.html.erb (0.5ms)
  Rendered shared/_main_content.html.erb (0.3ms)
  Rendered static_pages/index.html.erb within layouts/application (26.0ms)
Completed 200 OK in 91ms (Views: 82.3ms | ActiveRecord: 0.0ms)


Started GET "/assets/AA_Times_Logo.png" for ::1 at 2021-06-24 19:22:26 -0400
Started GET "/" for ::1 at 2021-06-24 19:22:37 -0400
Processing by StaticPagesController#index as HTML
  Rendering static_pages/index.html.erb within layouts/application
  Rendered shared/_main_nav.html.erb (2.4ms)
  Rendered shared/_masthead.html.erb (0.9ms)
  Rendered shared/_sections_nav.html.erb (0.5ms)
  Rendered shared/_search_modal.html.erb (0.3ms)
  Rendered shared/_main_content.html.erb (0.2ms)
  Rendered static_pages/index.html.erb within layouts/application (40.4ms)
Completed 200 OK in 69ms (Views: 67.7ms | ActiveRecord: 0.0ms)


Started GET "/assets/AA_Times_Logo.png" for ::1 at 2021-06-24 19:22:37 -0400
Started GET "/" for ::1 at 2021-06-24 19:28:05 -0400
Processing by StaticPagesController#index as HTML
  Rendering static_pages/index.html.erb within layouts/application
  Rendered shared/_main_nav.html.erb (0.7ms)
  Rendered shared/_masthead.html.erb (0.5ms)
  Rendered shared/_sections_nav.html.erb (0.3ms)
  Rendered shared/_search_modal.html.erb (0.3ms)
  Rendered shared/_main_content.html.erb (0.4ms)
  Rendered static_pages/index.html.erb within layouts/application (24.0ms)
Completed 200 OK in 92ms (Views: 85.5ms | ActiveRecord: 0.0ms)


Started GET "/assets/AA_Times_Logo.png" for ::1 at 2021-06-24 19:28:06 -0400
Started GET "/" for ::1 at 2021-06-24 19:28:46 -0400
Processing by StaticPagesController#index as HTML
  Rendering static_pages/index.html.erb within layouts/application
  Rendered shared/_main_nav.html.erb (1.1ms)
  Rendered shared/_masthead.html.erb (1.3ms)
  Rendered shared/_sections_nav.html.erb (0.5ms)
  Rendered shared/_search_modal.html.erb (0.4ms)
  Rendered shared/_main_content.html.erb (0.2ms)
  Rendered static_pages/index.html.erb within layouts/application (41.2ms)
Completed 200 OK in 82ms (Views: 79.7ms | ActiveRecord: 0.0ms)


Started GET "/assets/AA_Times_Logo.png" for ::1 at 2021-06-24 19:28:46 -0400
Started GET "/assets/AA_Times_Logo.png" for ::1 at 2021-06-24 19:28:46 -0400
Started GET "/" for ::1 at 2021-06-24 19:29:20 -0400
Processing by StaticPagesController#index as HTML
  Rendering static_pages/index.html.erb within layouts/application
  Rendered shared/_main_nav.html.erb (0.3ms)
  Rendered shared/_masthead.html.erb (2.0ms)
  Rendered shared/_sections_nav.html.erb (1.4ms)
  Rendered shared/_search_modal.html.erb (0.3ms)
  Rendered shared/_main_content.html.erb (0.2ms)
  Rendered static_pages/index.html.erb within layouts/application (38.5ms)
Completed 200 OK in 95ms (Views: 93.0ms | ActiveRecord: 0.0ms)


Started GET "/assets/AA_Times_Logo.png" for ::1 at 2021-06-24 19:29:20 -0400
Started GET "/assets/application.self-97bfa7196b770aa29210122147334565fe98d09307373d4df6d7b071c02b2819.css?body=1&livereload=1624577373818" for ::1 at 2021-06-24 19:29:33 -0400
Started GET "/assets/application.self-97bfa7196b770aa29210122147334565fe98d09307373d4df6d7b071c02b2819.css?body=1&livereload=1624577373825" for ::1 at 2021-06-24 19:29:33 -0400
Started GET "/" for ::1 at 2021-06-24 19:29:33 -0400
Processing by StaticPagesController#index as HTML
  Rendering static_pages/index.html.erb within layouts/application
Started GET "/" for ::1 at 2021-06-24 19:29:33 -0400
  Rendered shared/_main_nav.html.erb (0.4ms)
  Rendered shared/_masthead.html.erb (0.3ms)
  Rendered shared/_sections_nav.html.erb (0.4ms)
  Rendered shared/_search_modal.html.erb (0.3ms)
Started GET "/assets/application.self-97bfa7196b770aa29210122147334565fe98d09307373d4df6d7b071c02b2819.css?body=1&livereload=1624577373838" for ::1 at 2021-06-24 19:29:33 -0400
  Rendered shared/_main_content.html.erb (0.5ms)
  Rendered static_pages/index.html.erb within layouts/application (28.6ms)
Processing by StaticPagesController#index as HTML
  Rendering static_pages/index.html.erb within layouts/application
  Rendered shared/_main_nav.html.erb (0.3ms)
  Rendered shared/_masthead.html.erb (1.4ms)
  Rendered shared/_sections_nav.html.erb (0.3ms)
  Rendered shared/_search_modal.html.erb (0.7ms)
  Rendered shared/_main_content.html.erb (0.4ms)
  Rendered static_pages/index.html.erb within layouts/application (26.0ms)
Started GET "/assets/application.self-97bfa7196b770aa29210122147334565fe98d09307373d4df6d7b071c02b2819.css?body=1&livereload=1624577373840" for ::1 at 2021-06-24 19:29:33 -0400
Completed 200 OK in 108ms (Views: 104.1ms | ActiveRecord: 0.0ms)


Completed 200 OK in 86ms (Views: 81.8ms | ActiveRecord: 0.0ms)


Started GET "/assets/AA_Times_Logo.png" for ::1 at 2021-06-24 19:29:34 -0400
